{"/Users/thomas/Documents/CODE/budget-app/backend/src/app.controller.ts": {"path":"/Users/thomas/Documents/CODE/budget-app/backend/src/app.controller.ts","statementMap":{"0":{"start":{"line":5,"column":7},"end":{"line":12,"column":null}},"1":{"start":{"line":6,"column":31},"end":{"line":6,"column":55}},"2":{"start":{"line":10,"column":4},"end":{"line":10,"column":null}},"3":{"start":{"line":4,"column":1},"end":{"line":4,"column":null}}},"fnMap":{"0":{"name":"constructor","decl":{"start":{"line":6,"column":2},"end":{"line":6,"column":14}},"loc":{"start":{"line":6,"column":55},"end":{"line":6,"column":null}},"line":6},"1":{"name":"getHello","decl":{"start":{"line":8,"column":2},"end":{"line":8,"column":3}},"loc":{"start":{"line":9,"column":21},"end":{"line":11,"column":null}},"line":9}},"branchMap":{"0":{"loc":{"start":{"line":4,"column":12},"end":{"line":4,"column":null}},"type":"cond-expr","locations":[{"start":{"line":4,"column":12},"end":{"line":4,"column":null}},{"start":{"line":4,"column":12},"end":{"line":4,"column":null}}],"line":4}},"s":{"0":1,"1":1,"2":1,"3":1},"f":{"0":1,"1":1},"b":{"0":[0,1]},"meta":{"lastBranch":1,"lastFunction":2,"lastStatement":4,"seen":{"s:5:7:12:Infinity":0,"f:6:2:6:14":0,"s:6:31:6:55":1,"f:8:2:8:3":1,"s:10:4:10:Infinity":2,"s:4:1:4:Infinity":3,"b:4:12:4:Infinity:4:12:4:Infinity":0},"fnNames":{}}}
,"/Users/thomas/Documents/CODE/budget-app/backend/src/app.service.ts": {"path":"/Users/thomas/Documents/CODE/budget-app/backend/src/app.service.ts","statementMap":{"0":{"start":{"line":4,"column":7},"end":{"line":8,"column":null}},"1":{"start":{"line":6,"column":4},"end":{"line":6,"column":null}},"2":{"start":{"line":3,"column":1},"end":{"line":3,"column":null}}},"fnMap":{"0":{"name":"getHello","decl":{"start":{"line":5,"column":2},"end":{"line":5,"column":21}},"loc":{"start":{"line":5,"column":21},"end":{"line":7,"column":null}},"line":5}},"branchMap":{},"s":{"0":2,"1":2,"2":2},"f":{"0":2},"b":{},"meta":{"lastBranch":0,"lastFunction":1,"lastStatement":3,"seen":{"s:4:7:8:Infinity":0,"f:5:2:5:21":0,"s:6:4:6:Infinity":1,"s:3:1:3:Infinity":2},"fnNames":{}}}
,"/Users/thomas/Documents/CODE/budget-app/backend/src/auth/auth.controller.ts": {"path":"/Users/thomas/Documents/CODE/budget-app/backend/src/auth/auth.controller.ts","statementMap":{"0":{"start":{"line":10,"column":7},"end":{"line":70,"column":null}},"1":{"start":{"line":11,"column":31},"end":{"line":11,"column":57}},"2":{"start":{"line":16,"column":4},"end":{"line":16,"column":null}},"3":{"start":{"line":26,"column":22},"end":{"line":26,"column":null}},"4":{"start":{"line":27,"column":22},"end":{"line":27,"column":null}},"5":{"start":{"line":29,"column":42},"end":{"line":32,"column":null}},"6":{"start":{"line":35,"column":4},"end":{"line":41,"column":null}},"7":{"start":{"line":43,"column":4},"end":{"line":43,"column":null}},"8":{"start":{"line":49,"column":51},"end":{"line":49,"column":null}},"9":{"start":{"line":50,"column":4},"end":{"line":50,"column":null}},"10":{"start":{"line":56,"column":21},"end":{"line":56,"column":null}},"11":{"start":{"line":57,"column":4},"end":{"line":59,"column":null}},"12":{"start":{"line":58,"column":6},"end":{"line":58,"column":null}},"13":{"start":{"line":61,"column":4},"end":{"line":66,"column":null}},"14":{"start":{"line":68,"column":4},"end":{"line":68,"column":null}},"15":{"start":{"line":9,"column":1},"end":{"line":9,"column":null}}},"fnMap":{"0":{"name":"constructor","decl":{"start":{"line":11,"column":2},"end":{"line":11,"column":14}},"loc":{"start":{"line":11,"column":57},"end":{"line":11,"column":null}},"line":11},"1":{"name":"register","decl":{"start":{"line":15,"column":8},"end":{"line":15,"column":17}},"loc":{"start":{"line":15,"column":43},"end":{"line":17,"column":null}},"line":15},"2":{"name":"login","decl":{"start":{"line":21,"column":8},"end":{"line":21,"column":null}},"loc":{"start":{"line":25,"column":4},"end":{"line":44,"column":null}},"line":25},"3":{"name":"getProfile","decl":{"start":{"line":48,"column":8},"end":{"line":48,"column":19}},"loc":{"start":{"line":48,"column":36},"end":{"line":51,"column":null}},"line":48},"4":{"name":"logout","decl":{"start":{"line":55,"column":8},"end":{"line":55,"column":15}},"loc":{"start":{"line":55,"column":79},"end":{"line":69,"column":null}},"line":55}},"branchMap":{"0":{"loc":{"start":{"line":27,"column":22},"end":{"line":27,"column":null}},"type":"binary-expr","locations":[{"start":{"line":27,"column":22},"end":{"line":27,"column":32}},{"start":{"line":27,"column":32},"end":{"line":27,"column":null}}],"line":27},"1":{"loc":{"start":{"line":57,"column":4},"end":{"line":59,"column":null}},"type":"if","locations":[{"start":{"line":57,"column":4},"end":{"line":59,"column":null}},{"start":{},"end":{}}],"line":57},"2":{"loc":{"start":{"line":9,"column":18},"end":{"line":9,"column":null}},"type":"cond-expr","locations":[{"start":{"line":9,"column":18},"end":{"line":9,"column":null}},{"start":{"line":9,"column":18},"end":{"line":9,"column":null}}],"line":9}},"s":{"0":1,"1":6,"2":1,"3":2,"4":2,"5":2,"6":2,"7":2,"8":1,"9":1,"10":2,"11":2,"12":1,"13":2,"14":2,"15":1},"f":{"0":6,"1":1,"2":2,"3":1,"4":2},"b":{"0":[2,1],"1":[1,1],"2":[0,1]},"meta":{"lastBranch":3,"lastFunction":5,"lastStatement":16,"seen":{"s:10:7:70:Infinity":0,"f:11:2:11:14":0,"s:11:31:11:57":1,"f:15:8:15:17":1,"s:16:4:16:Infinity":2,"f:21:8:21:Infinity":2,"s:26:22:26:Infinity":3,"s:27:22:27:Infinity":4,"b:27:22:27:32:27:32:27:Infinity":0,"s:29:42:32:Infinity":5,"s:35:4:41:Infinity":6,"s:43:4:43:Infinity":7,"f:48:8:48:19":3,"s:49:51:49:Infinity":8,"s:50:4:50:Infinity":9,"f:55:8:55:15":4,"s:56:21:56:Infinity":10,"b:57:4:59:Infinity:undefined:undefined:undefined:undefined":1,"s:57:4:59:Infinity":11,"s:58:6:58:Infinity":12,"s:61:4:66:Infinity":13,"s:68:4:68:Infinity":14,"s:9:1:9:Infinity":15,"b:9:18:9:Infinity:9:18:9:Infinity":2},"fnNames":{}}}
,"/Users/thomas/Documents/CODE/budget-app/backend/src/auth/auth.guard.ts": {"path":"/Users/thomas/Documents/CODE/budget-app/backend/src/auth/auth.guard.ts","statementMap":{"0":{"start":{"line":12,"column":7},"end":{"line":47,"column":null}},"1":{"start":{"line":13,"column":31},"end":{"line":13,"column":55}},"2":{"start":{"line":16,"column":20},"end":{"line":16,"column":null}},"3":{"start":{"line":17,"column":21},"end":{"line":17,"column":null}},"4":{"start":{"line":19,"column":4},"end":{"line":21,"column":null}},"5":{"start":{"line":20,"column":6},"end":{"line":20,"column":null}},"6":{"start":{"line":24,"column":24},"end":{"line":24,"column":null}},"7":{"start":{"line":27,"column":20},"end":{"line":35,"column":null}},"8":{"start":{"line":37,"column":4},"end":{"line":39,"column":null}},"9":{"start":{"line":38,"column":6},"end":{"line":38,"column":null}},"10":{"start":{"line":42,"column":4},"end":{"line":42,"column":null}},"11":{"start":{"line":43,"column":4},"end":{"line":43,"column":null}},"12":{"start":{"line":45,"column":4},"end":{"line":45,"column":null}},"13":{"start":{"line":11,"column":1},"end":{"line":11,"column":null}}},"fnMap":{"0":{"name":"constructor","decl":{"start":{"line":13,"column":2},"end":{"line":13,"column":14}},"loc":{"start":{"line":13,"column":55},"end":{"line":13,"column":null}},"line":13},"1":{"name":"canActivate","decl":{"start":{"line":15,"column":8},"end":{"line":15,"column":20}},"loc":{"start":{"line":15,"column":65},"end":{"line":46,"column":null}},"line":15}},"branchMap":{"0":{"loc":{"start":{"line":19,"column":4},"end":{"line":21,"column":null}},"type":"if","locations":[{"start":{"line":19,"column":4},"end":{"line":21,"column":null}},{"start":{},"end":{}}],"line":19},"1":{"loc":{"start":{"line":37,"column":4},"end":{"line":39,"column":null}},"type":"if","locations":[{"start":{"line":37,"column":4},"end":{"line":39,"column":null}},{"start":{},"end":{}}],"line":37},"2":{"loc":{"start":{"line":37,"column":8},"end":{"line":37,"column":35}},"type":"binary-expr","locations":[{"start":{"line":37,"column":8},"end":{"line":37,"column":20}},{"start":{"line":37,"column":20},"end":{"line":37,"column":35}}],"line":37},"3":{"loc":{"start":{"line":11,"column":12},"end":{"line":11,"column":null}},"type":"cond-expr","locations":[{"start":{"line":11,"column":12},"end":{"line":11,"column":null}},{"start":{"line":11,"column":12},"end":{"line":11,"column":null}}],"line":11}},"s":{"0":3,"1":25,"2":0,"3":0,"4":0,"5":0,"6":0,"7":0,"8":0,"9":0,"10":0,"11":0,"12":0,"13":3},"f":{"0":25,"1":0},"b":{"0":[0,0],"1":[0,0],"2":[0,0],"3":[0,3]},"meta":{"lastBranch":4,"lastFunction":2,"lastStatement":14,"seen":{"s:12:7:47:Infinity":0,"f:13:2:13:14":0,"s:13:31:13:55":1,"f:15:8:15:20":1,"s:16:20:16:Infinity":2,"s:17:21:17:Infinity":3,"b:19:4:21:Infinity:undefined:undefined:undefined:undefined":0,"s:19:4:21:Infinity":4,"s:20:6:20:Infinity":5,"s:24:24:24:Infinity":6,"s:27:20:35:Infinity":7,"b:37:4:39:Infinity:undefined:undefined:undefined:undefined":1,"s:37:4:39:Infinity":8,"b:37:8:37:20:37:20:37:35":2,"s:38:6:38:Infinity":9,"s:42:4:42:Infinity":10,"s:43:4:43:Infinity":11,"s:45:4:45:Infinity":12,"s:11:1:11:Infinity":13,"b:11:12:11:Infinity:11:12:11:Infinity":3},"fnNames":{}}}
,"/Users/thomas/Documents/CODE/budget-app/backend/src/auth/auth.service.ts": {"path":"/Users/thomas/Documents/CODE/budget-app/backend/src/auth/auth.service.ts","statementMap":{"0":{"start":{"line":21,"column":7},"end":{"line":165,"column":null}},"1":{"start":{"line":22,"column":31},"end":{"line":22,"column":55}},"2":{"start":{"line":25,"column":24},"end":{"line":25,"column":null}},"3":{"start":{"line":26,"column":4},"end":{"line":26,"column":null}},"4":{"start":{"line":27,"column":4},"end":{"line":27,"column":null}},"5":{"start":{"line":29,"column":4},"end":{"line":113,"column":null}},"6":{"start":{"line":31,"column":27},"end":{"line":33,"column":null}},"7":{"start":{"line":35,"column":6},"end":{"line":37,"column":null}},"8":{"start":{"line":36,"column":8},"end":{"line":36,"column":null}},"9":{"start":{"line":40,"column":25},"end":{"line":40,"column":null}},"10":{"start":{"line":41,"column":27},"end":{"line":41,"column":null}},"11":{"start":{"line":44,"column":19},"end":{"line":49,"column":null}},"12":{"start":{"line":50,"column":24},"end":{"line":50,"column":null}},"13":{"start":{"line":53,"column":24},"end":{"line":55,"column":null}},"14":{"start":{"line":56,"column":29},"end":{"line":56,"column":null}},"15":{"start":{"line":58,"column":18},"end":{"line":58,"column":null}},"16":{"start":{"line":59,"column":33},"end":{"line":59,"column":null}},"17":{"start":{"line":60,"column":29},"end":{"line":67,"column":null}},"18":{"start":{"line":68,"column":6},"end":{"line":68,"column":null}},"19":{"start":{"line":71,"column":25},"end":{"line":77,"column":null}},"20":{"start":{"line":78,"column":6},"end":{"line":78,"column":null}},"21":{"start":{"line":81,"column":23},"end":{"line":91,"column":null}},"22":{"start":{"line":92,"column":6},"end":{"line":92,"column":null}},"23":{"start":{"line":95,"column":6},"end":{"line":95,"column":null}},"24":{"start":{"line":97,"column":6},"end":{"line":105,"column":null}},"25":{"start":{"line":107,"column":6},"end":{"line":107,"column":null}},"26":{"start":{"line":108,"column":6},"end":{"line":108,"column":null}},"27":{"start":{"line":109,"column":6},"end":{"line":109,"column":null}},"28":{"start":{"line":109,"column":46},"end":{"line":109,"column":null}},"29":{"start":{"line":110,"column":6},"end":{"line":110,"column":null}},"30":{"start":{"line":112,"column":6},"end":{"line":112,"column":null}},"31":{"start":{"line":117,"column":17},"end":{"line":119,"column":null}},"32":{"start":{"line":121,"column":4},"end":{"line":123,"column":null}},"33":{"start":{"line":122,"column":6},"end":{"line":122,"column":null}},"34":{"start":{"line":125,"column":28},"end":{"line":125,"column":null}},"35":{"start":{"line":126,"column":4},"end":{"line":128,"column":null}},"36":{"start":{"line":127,"column":6},"end":{"line":127,"column":null}},"37":{"start":{"line":131,"column":21},"end":{"line":131,"column":null}},"38":{"start":{"line":132,"column":24},"end":{"line":132,"column":null}},"39":{"start":{"line":135,"column":22},"end":{"line":135,"column":null}},"40":{"start":{"line":136,"column":4},"end":{"line":136,"column":null}},"41":{"start":{"line":138,"column":24},"end":{"line":138,"column":null}},"42":{"start":{"line":139,"column":20},"end":{"line":145,"column":null}},"43":{"start":{"line":147,"column":4},"end":{"line":147,"column":null}},"44":{"start":{"line":149,"column":4},"end":{"line":157,"column":null}},"45":{"start":{"line":161,"column":4},"end":{"line":161,"column":null}},"46":{"start":{"line":161,"column":19},"end":{"line":161,"column":null}},"47":{"start":{"line":162,"column":24},"end":{"line":162,"column":null}},"48":{"start":{"line":163,"column":4},"end":{"line":163,"column":null}},"49":{"start":{"line":20,"column":1},"end":{"line":20,"column":null}}},"fnMap":{"0":{"name":"constructor","decl":{"start":{"line":22,"column":2},"end":{"line":22,"column":14}},"loc":{"start":{"line":22,"column":55},"end":{"line":22,"column":null}},"line":22},"1":{"name":"register","decl":{"start":{"line":24,"column":8},"end":{"line":24,"column":17}},"loc":{"start":{"line":24,"column":35},"end":{"line":114,"column":null}},"line":24},"2":{"name":"login","decl":{"start":{"line":116,"column":8},"end":{"line":116,"column":14}},"loc":{"start":{"line":116,"column":83},"end":{"line":158,"column":null}},"line":116},"3":{"name":"logout","decl":{"start":{"line":160,"column":8},"end":{"line":160,"column":15}},"loc":{"start":{"line":160,"column":33},"end":{"line":164,"column":null}},"line":160}},"branchMap":{"0":{"loc":{"start":{"line":35,"column":6},"end":{"line":37,"column":null}},"type":"if","locations":[{"start":{"line":35,"column":6},"end":{"line":37,"column":null}},{"start":{},"end":{}}],"line":35},"1":{"loc":{"start":{"line":48,"column":23},"end":{"line":48,"column":null}},"type":"binary-expr","locations":[{"start":{"line":48,"column":23},"end":{"line":48,"column":44}},{"start":{"line":48,"column":44},"end":{"line":48,"column":null}}],"line":48},"2":{"loc":{"start":{"line":109,"column":6},"end":{"line":109,"column":null}},"type":"if","locations":[{"start":{"line":109,"column":6},"end":{"line":109,"column":null}},{"start":{},"end":{}}],"line":109},"3":{"loc":{"start":{"line":121,"column":4},"end":{"line":123,"column":null}},"type":"if","locations":[{"start":{"line":121,"column":4},"end":{"line":123,"column":null}},{"start":{},"end":{}}],"line":121},"4":{"loc":{"start":{"line":126,"column":4},"end":{"line":128,"column":null}},"type":"if","locations":[{"start":{"line":126,"column":4},"end":{"line":128,"column":null}},{"start":{},"end":{}}],"line":126},"5":{"loc":{"start":{"line":161,"column":4},"end":{"line":161,"column":null}},"type":"if","locations":[{"start":{"line":161,"column":4},"end":{"line":161,"column":null}},{"start":{},"end":{}}],"line":161},"6":{"loc":{"start":{"line":20,"column":12},"end":{"line":20,"column":null}},"type":"cond-expr","locations":[{"start":{"line":20,"column":12},"end":{"line":20,"column":null}},{"start":{"line":20,"column":12},"end":{"line":20,"column":null}}],"line":20}},"s":{"0":2,"1":8,"2":3,"3":3,"4":3,"5":3,"6":3,"7":2,"8":1,"9":1,"10":1,"11":1,"12":3,"13":1,"14":1,"15":1,"16":1,"17":1,"18":1,"19":1,"20":1,"21":1,"22":1,"23":1,"24":1,"25":2,"26":2,"27":2,"28":1,"29":1,"30":3,"31":3,"32":3,"33":1,"34":2,"35":2,"36":1,"37":1,"38":1,"39":1,"40":1,"41":1,"42":1,"43":1,"44":1,"45":2,"46":1,"47":1,"48":1,"49":2},"f":{"0":8,"1":3,"2":3,"3":2},"b":{"0":[1,1],"1":[1,0],"2":[1,1],"3":[1,2],"4":[1,1],"5":[1,1],"6":[0,2]},"meta":{"lastBranch":7,"lastFunction":4,"lastStatement":50,"seen":{"s:21:7:165:Infinity":0,"f:22:2:22:14":0,"s:22:31:22:55":1,"f:24:8:24:17":1,"s:25:24:25:Infinity":2,"s:26:4:26:Infinity":3,"s:27:4:27:Infinity":4,"s:29:4:113:Infinity":5,"s:31:27:33:Infinity":6,"b:35:6:37:Infinity:undefined:undefined:undefined:undefined":0,"s:35:6:37:Infinity":7,"s:36:8:36:Infinity":8,"s:40:25:40:Infinity":9,"s:41:27:41:Infinity":10,"s:44:19:49:Infinity":11,"b:48:23:48:44:48:44:48:Infinity":1,"s:50:24:50:Infinity":12,"s:53:24:55:Infinity":13,"s:56:29:56:Infinity":14,"s:58:18:58:Infinity":15,"s:59:33:59:Infinity":16,"s:60:29:67:Infinity":17,"s:68:6:68:Infinity":18,"s:71:25:77:Infinity":19,"s:78:6:78:Infinity":20,"s:81:23:91:Infinity":21,"s:92:6:92:Infinity":22,"s:95:6:95:Infinity":23,"s:97:6:105:Infinity":24,"s:107:6:107:Infinity":25,"s:108:6:108:Infinity":26,"b:109:6:109:Infinity:undefined:undefined:undefined:undefined":2,"s:109:6:109:Infinity":27,"s:109:46:109:Infinity":28,"s:110:6:110:Infinity":29,"s:112:6:112:Infinity":30,"f:116:8:116:14":2,"s:117:17:119:Infinity":31,"b:121:4:123:Infinity:undefined:undefined:undefined:undefined":3,"s:121:4:123:Infinity":32,"s:122:6:122:Infinity":33,"s:125:28:125:Infinity":34,"b:126:4:128:Infinity:undefined:undefined:undefined:undefined":4,"s:126:4:128:Infinity":35,"s:127:6:127:Infinity":36,"s:131:21:131:Infinity":37,"s:132:24:132:Infinity":38,"s:135:22:135:Infinity":39,"s:136:4:136:Infinity":40,"s:138:24:138:Infinity":41,"s:139:20:145:Infinity":42,"s:147:4:147:Infinity":43,"s:149:4:157:Infinity":44,"f:160:8:160:15":3,"b:161:4:161:Infinity:undefined:undefined:undefined:undefined":5,"s:161:4:161:Infinity":45,"s:161:19:161:Infinity":46,"s:162:24:162:Infinity":47,"s:163:4:163:Infinity":48,"s:20:1:20:Infinity":49,"b:20:12:20:Infinity:20:12:20:Infinity":6},"fnNames":{}}}
,"/Users/thomas/Documents/CODE/budget-app/backend/src/entities/activity.entity.ts": {"path":"/Users/thomas/Documents/CODE/budget-app/backend/src/entities/activity.entity.ts","statementMap":{"0":{"start":{"line":11,"column":7},"end":{"line":15,"column":null}},"1":{"start":{"line":12,"column":2},"end":{"line":12,"column":null}},"2":{"start":{"line":13,"column":2},"end":{"line":13,"column":null}},"3":{"start":{"line":14,"column":2},"end":{"line":14,"column":null}},"4":{"start":{"line":18,"column":7},"end":{"line":43,"column":null}},"5":{"start":{"line":19,"column":3},"end":{"line":19,"column":null}},"6":{"start":{"line":22,"column":19},"end":{"line":22,"column":26}},"7":{"start":{"line":22,"column":35},"end":{"line":22,"column":52}},"8":{"start":{"line":26,"column":3},"end":{"line":26,"column":null}},"9":{"start":{"line":29,"column":3},"end":{"line":29,"column":null}},"10":{"start":{"line":32,"column":3},"end":{"line":32,"column":null}},"11":{"start":{"line":35,"column":3},"end":{"line":35,"column":null}},"12":{"start":{"line":38,"column":3},"end":{"line":38,"column":null}},"13":{"start":{"line":41,"column":3},"end":{"line":41,"column":null}},"14":{"start":{"line":17,"column":1},"end":{"line":17,"column":null}}},"fnMap":{"0":{"name":"(anonymous_0)","decl":{"start":{"line":11,"column":7},"end":{"line":11,"column":12}},"loc":{"start":{"line":11,"column":7},"end":{"line":15,"column":null}},"line":11},"1":{"name":"(anonymous_1)","decl":{"start":{"line":22,"column":3},"end":{"line":22,"column":19}},"loc":{"start":{"line":22,"column":19},"end":{"line":22,"column":26}},"line":22},"2":{"name":"(anonymous_2)","decl":{"start":{"line":22,"column":19},"end":{"line":22,"column":26}},"loc":{"start":{"line":22,"column":35},"end":{"line":22,"column":52}},"line":22}},"branchMap":{"0":{"loc":{"start":{"line":26,"column":48},"end":{"line":26,"column":null}},"type":"cond-expr","locations":[{"start":{"line":26,"column":48},"end":{"line":26,"column":null}},{"start":{"line":26,"column":48},"end":{"line":26,"column":null}}],"line":26},"1":{"loc":{"start":{"line":35,"column":43},"end":{"line":35,"column":null}},"type":"cond-expr","locations":[{"start":{"line":35,"column":43},"end":{"line":35,"column":null}},{"start":{"line":35,"column":43},"end":{"line":35,"column":null}}],"line":35},"2":{"loc":{"start":{"line":38,"column":43},"end":{"line":38,"column":null}},"type":"cond-expr","locations":[{"start":{"line":38,"column":43},"end":{"line":38,"column":null}},{"start":{"line":38,"column":43},"end":{"line":38,"column":null}}],"line":38},"3":{"loc":{"start":{"line":41,"column":20},"end":{"line":41,"column":null}},"type":"cond-expr","locations":[{"start":{"line":41,"column":20},"end":{"line":41,"column":null}},{"start":{"line":41,"column":20},"end":{"line":41,"column":null}}],"line":41}},"s":{"0":7,"1":7,"2":7,"3":7,"4":7,"5":7,"6":0,"7":0,"8":7,"9":7,"10":7,"11":7,"12":7,"13":7,"14":7},"f":{"0":7,"1":0,"2":0},"b":{"0":[0,7],"1":[7,0],"2":[7,0],"3":[0,7]},"meta":{"lastBranch":4,"lastFunction":3,"lastStatement":15,"seen":{"s:11:7:15:Infinity":0,"f:11:7:11:12":0,"s:12:2:12:Infinity":1,"s:13:2:13:Infinity":2,"s:14:2:14:Infinity":3,"s:18:7:43:Infinity":4,"s:19:3:19:Infinity":5,"f:22:3:22:19":1,"s:22:19:22:26":6,"f:22:19:22:26":2,"s:22:35:22:52":7,"s:26:3:26:Infinity":8,"b:26:48:26:Infinity:26:48:26:Infinity":0,"s:29:3:29:Infinity":9,"s:32:3:32:Infinity":10,"s:35:3:35:Infinity":11,"b:35:43:35:Infinity:35:43:35:Infinity":1,"s:38:3:38:Infinity":12,"b:38:43:38:Infinity:38:43:38:Infinity":2,"s:41:3:41:Infinity":13,"b:41:20:41:Infinity:41:20:41:Infinity":3,"s:17:1:17:Infinity":14},"fnNames":{}}}
,"/Users/thomas/Documents/CODE/budget-app/backend/src/entities/bank-account.entity.ts": {"path":"/Users/thomas/Documents/CODE/budget-app/backend/src/entities/bank-account.entity.ts","statementMap":{"0":{"start":{"line":14,"column":7},"end":{"line":18,"column":null}},"1":{"start":{"line":15,"column":2},"end":{"line":15,"column":null}},"2":{"start":{"line":16,"column":2},"end":{"line":16,"column":null}},"3":{"start":{"line":17,"column":2},"end":{"line":17,"column":null}},"4":{"start":{"line":21,"column":7},"end":{"line":49,"column":null}},"5":{"start":{"line":22,"column":3},"end":{"line":22,"column":null}},"6":{"start":{"line":25,"column":19},"end":{"line":25,"column":31}},"7":{"start":{"line":25,"column":45},"end":{"line":25,"column":69}},"8":{"start":{"line":29,"column":3},"end":{"line":29,"column":null}},"9":{"start":{"line":32,"column":3},"end":{"line":32,"column":null}},"10":{"start":{"line":35,"column":3},"end":{"line":35,"column":null}},"11":{"start":{"line":38,"column":3},"end":{"line":38,"column":null}},"12":{"start":{"line":41,"column":3},"end":{"line":41,"column":null}},"13":{"start":{"line":44,"column":3},"end":{"line":44,"column":null}},"14":{"start":{"line":47,"column":3},"end":{"line":47,"column":null}},"15":{"start":{"line":47,"column":19},"end":{"line":47,"column":31}},"16":{"start":{"line":47,"column":45},"end":{"line":47,"column":62}},"17":{"start":{"line":20,"column":1},"end":{"line":20,"column":null}}},"fnMap":{"0":{"name":"(anonymous_0)","decl":{"start":{"line":14,"column":7},"end":{"line":14,"column":12}},"loc":{"start":{"line":14,"column":7},"end":{"line":18,"column":null}},"line":14},"1":{"name":"(anonymous_1)","decl":{"start":{"line":25,"column":3},"end":{"line":25,"column":19}},"loc":{"start":{"line":25,"column":19},"end":{"line":25,"column":31}},"line":25},"2":{"name":"(anonymous_2)","decl":{"start":{"line":25,"column":19},"end":{"line":25,"column":31}},"loc":{"start":{"line":25,"column":45},"end":{"line":25,"column":69}},"line":25},"3":{"name":"(anonymous_3)","decl":{"start":{"line":47,"column":3},"end":{"line":47,"column":19}},"loc":{"start":{"line":47,"column":19},"end":{"line":47,"column":31}},"line":47},"4":{"name":"(anonymous_4)","decl":{"start":{"line":47,"column":19},"end":{"line":47,"column":31}},"loc":{"start":{"line":47,"column":45},"end":{"line":47,"column":62}},"line":47}},"branchMap":{"0":{"loc":{"start":{"line":32,"column":76},"end":{"line":32,"column":null}},"type":"cond-expr","locations":[{"start":{"line":32,"column":76},"end":{"line":32,"column":null}},{"start":{"line":32,"column":76},"end":{"line":32,"column":null}}],"line":32},"1":{"loc":{"start":{"line":41,"column":20},"end":{"line":41,"column":null}},"type":"cond-expr","locations":[{"start":{"line":41,"column":20},"end":{"line":41,"column":null}},{"start":{"line":41,"column":20},"end":{"line":41,"column":null}}],"line":41},"2":{"loc":{"start":{"line":44,"column":20},"end":{"line":44,"column":null}},"type":"cond-expr","locations":[{"start":{"line":44,"column":20},"end":{"line":44,"column":null}},{"start":{"line":44,"column":20},"end":{"line":44,"column":null}}],"line":44}},"s":{"0":7,"1":7,"2":7,"3":7,"4":7,"5":7,"6":0,"7":0,"8":7,"9":7,"10":7,"11":7,"12":7,"13":7,"14":7,"15":0,"16":0,"17":7},"f":{"0":7,"1":0,"2":0,"3":0,"4":0},"b":{"0":[0,7],"1":[0,7],"2":[0,7]},"meta":{"lastBranch":3,"lastFunction":5,"lastStatement":18,"seen":{"s:14:7:18:Infinity":0,"f:14:7:14:12":0,"s:15:2:15:Infinity":1,"s:16:2:16:Infinity":2,"s:17:2:17:Infinity":3,"s:21:7:49:Infinity":4,"s:22:3:22:Infinity":5,"f:25:3:25:19":1,"s:25:19:25:31":6,"f:25:19:25:31":2,"s:25:45:25:69":7,"s:29:3:29:Infinity":8,"s:32:3:32:Infinity":9,"b:32:76:32:Infinity:32:76:32:Infinity":0,"s:35:3:35:Infinity":10,"s:38:3:38:Infinity":11,"s:41:3:41:Infinity":12,"b:41:20:41:Infinity:41:20:41:Infinity":1,"s:44:3:44:Infinity":13,"b:44:20:44:Infinity:44:20:44:Infinity":2,"s:47:3:47:Infinity":14,"f:47:3:47:19":3,"s:47:19:47:31":15,"f:47:19:47:31":4,"s:47:45:47:62":16,"s:20:1:20:Infinity":17},"fnNames":{}}}
,"/Users/thomas/Documents/CODE/budget-app/backend/src/entities/household-member.entity.ts": {"path":"/Users/thomas/Documents/CODE/budget-app/backend/src/entities/household-member.entity.ts","statementMap":{"0":{"start":{"line":12,"column":7},"end":{"line":15,"column":null}},"1":{"start":{"line":13,"column":2},"end":{"line":13,"column":null}},"2":{"start":{"line":14,"column":2},"end":{"line":14,"column":null}},"3":{"start":{"line":19,"column":7},"end":{"line":42,"column":null}},"4":{"start":{"line":20,"column":3},"end":{"line":20,"column":null}},"5":{"start":{"line":23,"column":19},"end":{"line":23,"column":26}},"6":{"start":{"line":23,"column":35},"end":{"line":23,"column":62}},"7":{"start":{"line":27,"column":19},"end":{"line":27,"column":31}},"8":{"start":{"line":27,"column":45},"end":{"line":27,"column":64}},"9":{"start":{"line":31,"column":3},"end":{"line":31,"column":null}},"10":{"start":{"line":34,"column":3},"end":{"line":34,"column":null}},"11":{"start":{"line":37,"column":3},"end":{"line":37,"column":null}},"12":{"start":{"line":40,"column":3},"end":{"line":40,"column":null}},"13":{"start":{"line":17,"column":1},"end":{"line":18,"column":null}}},"fnMap":{"0":{"name":"(anonymous_0)","decl":{"start":{"line":12,"column":7},"end":{"line":12,"column":12}},"loc":{"start":{"line":12,"column":7},"end":{"line":15,"column":null}},"line":12},"1":{"name":"(anonymous_1)","decl":{"start":{"line":23,"column":3},"end":{"line":23,"column":19}},"loc":{"start":{"line":23,"column":19},"end":{"line":23,"column":26}},"line":23},"2":{"name":"(anonymous_2)","decl":{"start":{"line":23,"column":19},"end":{"line":23,"column":26}},"loc":{"start":{"line":23,"column":35},"end":{"line":23,"column":62}},"line":23},"3":{"name":"(anonymous_3)","decl":{"start":{"line":27,"column":3},"end":{"line":27,"column":19}},"loc":{"start":{"line":27,"column":19},"end":{"line":27,"column":31}},"line":27},"4":{"name":"(anonymous_4)","decl":{"start":{"line":27,"column":19},"end":{"line":27,"column":31}},"loc":{"start":{"line":27,"column":45},"end":{"line":27,"column":64}},"line":27}},"branchMap":{"0":{"loc":{"start":{"line":31,"column":78},"end":{"line":31,"column":null}},"type":"cond-expr","locations":[{"start":{"line":31,"column":78},"end":{"line":31,"column":null}},{"start":{"line":31,"column":78},"end":{"line":31,"column":null}}],"line":31}},"s":{"0":7,"1":7,"2":7,"3":7,"4":7,"5":0,"6":0,"7":0,"8":0,"9":7,"10":7,"11":7,"12":7,"13":7},"f":{"0":7,"1":0,"2":0,"3":0,"4":0},"b":{"0":[0,7]},"meta":{"lastBranch":1,"lastFunction":5,"lastStatement":14,"seen":{"s:12:7:15:Infinity":0,"f:12:7:12:12":0,"s:13:2:13:Infinity":1,"s:14:2:14:Infinity":2,"s:19:7:42:Infinity":3,"s:20:3:20:Infinity":4,"f:23:3:23:19":1,"s:23:19:23:26":5,"f:23:19:23:26":2,"s:23:35:23:62":6,"f:27:3:27:19":3,"s:27:19:27:31":7,"f:27:19:27:31":4,"s:27:45:27:64":8,"s:31:3:31:Infinity":9,"b:31:78:31:Infinity:31:78:31:Infinity":0,"s:34:3:34:Infinity":10,"s:37:3:37:Infinity":11,"s:40:3:40:Infinity":12,"s:17:1:18:Infinity":13},"fnNames":{}}}
,"/Users/thomas/Documents/CODE/budget-app/backend/src/entities/household.entity.ts": {"path":"/Users/thomas/Documents/CODE/budget-app/backend/src/entities/household.entity.ts","statementMap":{"0":{"start":{"line":15,"column":7},"end":{"line":42,"column":null}},"1":{"start":{"line":16,"column":3},"end":{"line":16,"column":null}},"2":{"start":{"line":19,"column":3},"end":{"line":19,"column":null}},"3":{"start":{"line":22,"column":3},"end":{"line":22,"column":null}},"4":{"start":{"line":25,"column":3},"end":{"line":25,"column":null}},"5":{"start":{"line":28,"column":3},"end":{"line":28,"column":null}},"6":{"start":{"line":31,"column":3},"end":{"line":31,"column":null}},"7":{"start":{"line":31,"column":19},"end":{"line":31,"column":37}},"8":{"start":{"line":31,"column":48},"end":{"line":31,"column":64}},"9":{"start":{"line":34,"column":3},"end":{"line":34,"column":null}},"10":{"start":{"line":34,"column":19},"end":{"line":34,"column":33}},"11":{"start":{"line":34,"column":45},"end":{"line":34,"column":62}},"12":{"start":{"line":37,"column":3},"end":{"line":37,"column":null}},"13":{"start":{"line":37,"column":19},"end":{"line":37,"column":31}},"14":{"start":{"line":37,"column":45},"end":{"line":37,"column":64}},"15":{"start":{"line":40,"column":3},"end":{"line":40,"column":null}},"16":{"start":{"line":40,"column":19},"end":{"line":40,"column":34}},"17":{"start":{"line":40,"column":51},"end":{"line":40,"column":73}},"18":{"start":{"line":14,"column":1},"end":{"line":14,"column":null}}},"fnMap":{"0":{"name":"(anonymous_0)","decl":{"start":{"line":31,"column":3},"end":{"line":31,"column":19}},"loc":{"start":{"line":31,"column":19},"end":{"line":31,"column":37}},"line":31},"1":{"name":"(anonymous_1)","decl":{"start":{"line":31,"column":19},"end":{"line":31,"column":37}},"loc":{"start":{"line":31,"column":48},"end":{"line":31,"column":64}},"line":31},"2":{"name":"(anonymous_2)","decl":{"start":{"line":34,"column":3},"end":{"line":34,"column":19}},"loc":{"start":{"line":34,"column":19},"end":{"line":34,"column":33}},"line":34},"3":{"name":"(anonymous_3)","decl":{"start":{"line":34,"column":19},"end":{"line":34,"column":33}},"loc":{"start":{"line":34,"column":45},"end":{"line":34,"column":62}},"line":34},"4":{"name":"(anonymous_4)","decl":{"start":{"line":37,"column":3},"end":{"line":37,"column":19}},"loc":{"start":{"line":37,"column":19},"end":{"line":37,"column":31}},"line":37},"5":{"name":"(anonymous_5)","decl":{"start":{"line":37,"column":19},"end":{"line":37,"column":31}},"loc":{"start":{"line":37,"column":45},"end":{"line":37,"column":64}},"line":37},"6":{"name":"(anonymous_6)","decl":{"start":{"line":40,"column":3},"end":{"line":40,"column":19}},"loc":{"start":{"line":40,"column":19},"end":{"line":40,"column":34}},"line":40},"7":{"name":"(anonymous_7)","decl":{"start":{"line":40,"column":19},"end":{"line":40,"column":34}},"loc":{"start":{"line":40,"column":51},"end":{"line":40,"column":73}},"line":40}},"branchMap":{"0":{"loc":{"start":{"line":25,"column":20},"end":{"line":25,"column":null}},"type":"cond-expr","locations":[{"start":{"line":25,"column":20},"end":{"line":25,"column":null}},{"start":{"line":25,"column":20},"end":{"line":25,"column":null}}],"line":25},"1":{"loc":{"start":{"line":28,"column":20},"end":{"line":28,"column":null}},"type":"cond-expr","locations":[{"start":{"line":28,"column":20},"end":{"line":28,"column":null}},{"start":{"line":28,"column":20},"end":{"line":28,"column":null}}],"line":28}},"s":{"0":7,"1":7,"2":7,"3":7,"4":7,"5":7,"6":7,"7":0,"8":0,"9":7,"10":0,"11":0,"12":7,"13":0,"14":0,"15":7,"16":0,"17":0,"18":7},"f":{"0":0,"1":0,"2":0,"3":0,"4":0,"5":0,"6":0,"7":0},"b":{"0":[0,7],"1":[0,7]},"meta":{"lastBranch":2,"lastFunction":8,"lastStatement":19,"seen":{"s:15:7:42:Infinity":0,"s:16:3:16:Infinity":1,"s:19:3:19:Infinity":2,"s:22:3:22:Infinity":3,"s:25:3:25:Infinity":4,"b:25:20:25:Infinity:25:20:25:Infinity":0,"s:28:3:28:Infinity":5,"b:28:20:28:Infinity:28:20:28:Infinity":1,"s:31:3:31:Infinity":6,"f:31:3:31:19":0,"s:31:19:31:37":7,"f:31:19:31:37":1,"s:31:48:31:64":8,"s:34:3:34:Infinity":9,"f:34:3:34:19":2,"s:34:19:34:33":10,"f:34:19:34:33":3,"s:34:45:34:62":11,"s:37:3:37:Infinity":12,"f:37:3:37:19":4,"s:37:19:37:31":13,"f:37:19:37:31":5,"s:37:45:37:64":14,"s:40:3:40:Infinity":15,"f:40:3:40:19":6,"s:40:19:40:34":16,"f:40:19:40:34":7,"s:40:51:40:73":17,"s:14:1:14:Infinity":18},"fnNames":{}}}
,"/Users/thomas/Documents/CODE/budget-app/backend/src/entities/index.ts": {"path":"/Users/thomas/Documents/CODE/budget-app/backend/src/entities/index.ts","statementMap":{},"fnMap":{},"branchMap":{},"s":{},"f":{},"b":{},"meta":{"lastBranch":0,"lastFunction":0,"lastStatement":0,"seen":{},"fnNames":{}}}
,"/Users/thomas/Documents/CODE/budget-app/backend/src/entities/notification.entity.ts": {"path":"/Users/thomas/Documents/CODE/budget-app/backend/src/entities/notification.entity.ts","statementMap":{"0":{"start":{"line":11,"column":7},"end":{"line":15,"column":null}},"1":{"start":{"line":12,"column":2},"end":{"line":12,"column":null}},"2":{"start":{"line":13,"column":2},"end":{"line":13,"column":null}},"3":{"start":{"line":14,"column":2},"end":{"line":14,"column":null}},"4":{"start":{"line":18,"column":7},"end":{"line":43,"column":null}},"5":{"start":{"line":19,"column":3},"end":{"line":19,"column":null}},"6":{"start":{"line":22,"column":19},"end":{"line":22,"column":26}},"7":{"start":{"line":22,"column":35},"end":{"line":22,"column":55}},"8":{"start":{"line":26,"column":3},"end":{"line":26,"column":null}},"9":{"start":{"line":29,"column":3},"end":{"line":29,"column":null}},"10":{"start":{"line":32,"column":3},"end":{"line":32,"column":null}},"11":{"start":{"line":35,"column":3},"end":{"line":35,"column":null}},"12":{"start":{"line":38,"column":3},"end":{"line":38,"column":null}},"13":{"start":{"line":41,"column":3},"end":{"line":41,"column":null}},"14":{"start":{"line":17,"column":1},"end":{"line":17,"column":null}}},"fnMap":{"0":{"name":"(anonymous_0)","decl":{"start":{"line":11,"column":7},"end":{"line":11,"column":12}},"loc":{"start":{"line":11,"column":7},"end":{"line":15,"column":null}},"line":11},"1":{"name":"(anonymous_1)","decl":{"start":{"line":22,"column":3},"end":{"line":22,"column":19}},"loc":{"start":{"line":22,"column":19},"end":{"line":22,"column":26}},"line":22},"2":{"name":"(anonymous_2)","decl":{"start":{"line":22,"column":19},"end":{"line":22,"column":26}},"loc":{"start":{"line":22,"column":35},"end":{"line":22,"column":55}},"line":22}},"branchMap":{"0":{"loc":{"start":{"line":35,"column":86},"end":{"line":35,"column":null}},"type":"cond-expr","locations":[{"start":{"line":35,"column":86},"end":{"line":35,"column":null}},{"start":{"line":35,"column":86},"end":{"line":35,"column":null}}],"line":35},"1":{"loc":{"start":{"line":41,"column":20},"end":{"line":41,"column":null}},"type":"cond-expr","locations":[{"start":{"line":41,"column":20},"end":{"line":41,"column":null}},{"start":{"line":41,"column":20},"end":{"line":41,"column":null}}],"line":41}},"s":{"0":7,"1":7,"2":7,"3":7,"4":7,"5":7,"6":0,"7":0,"8":7,"9":7,"10":7,"11":7,"12":7,"13":7,"14":7},"f":{"0":7,"1":0,"2":0},"b":{"0":[0,7],"1":[0,7]},"meta":{"lastBranch":2,"lastFunction":3,"lastStatement":15,"seen":{"s:11:7:15:Infinity":0,"f:11:7:11:12":0,"s:12:2:12:Infinity":1,"s:13:2:13:Infinity":2,"s:14:2:14:Infinity":3,"s:18:7:43:Infinity":4,"s:19:3:19:Infinity":5,"f:22:3:22:19":1,"s:22:19:22:26":6,"f:22:19:22:26":2,"s:22:35:22:55":7,"s:26:3:26:Infinity":8,"s:29:3:29:Infinity":9,"s:32:3:32:Infinity":10,"s:35:3:35:Infinity":11,"b:35:86:35:Infinity:35:86:35:Infinity":0,"s:38:3:38:Infinity":12,"s:41:3:41:Infinity":13,"b:41:20:41:Infinity:41:20:41:Infinity":1,"s:17:1:17:Infinity":14},"fnNames":{}}}
,"/Users/thomas/Documents/CODE/budget-app/backend/src/entities/operation.entity.ts": {"path":"/Users/thomas/Documents/CODE/budget-app/backend/src/entities/operation.entity.ts","statementMap":{"0":{"start":{"line":15,"column":7},"end":{"line":25,"column":null}},"1":{"start":{"line":16,"column":2},"end":{"line":16,"column":null}},"2":{"start":{"line":17,"column":2},"end":{"line":17,"column":null}},"3":{"start":{"line":18,"column":2},"end":{"line":18,"column":null}},"4":{"start":{"line":19,"column":2},"end":{"line":19,"column":null}},"5":{"start":{"line":20,"column":2},"end":{"line":20,"column":null}},"6":{"start":{"line":21,"column":2},"end":{"line":21,"column":null}},"7":{"start":{"line":22,"column":2},"end":{"line":22,"column":null}},"8":{"start":{"line":23,"column":2},"end":{"line":23,"column":null}},"9":{"start":{"line":24,"column":2},"end":{"line":24,"column":null}},"10":{"start":{"line":27,"column":7},"end":{"line":30,"column":null}},"11":{"start":{"line":28,"column":2},"end":{"line":28,"column":null}},"12":{"start":{"line":29,"column":2},"end":{"line":29,"column":null}},"13":{"start":{"line":32,"column":7},"end":{"line":36,"column":null}},"14":{"start":{"line":33,"column":2},"end":{"line":33,"column":null}},"15":{"start":{"line":34,"column":2},"end":{"line":34,"column":null}},"16":{"start":{"line":35,"column":2},"end":{"line":35,"column":null}},"17":{"start":{"line":39,"column":7},"end":{"line":97,"column":null}},"18":{"start":{"line":40,"column":3},"end":{"line":40,"column":null}},"19":{"start":{"line":43,"column":19},"end":{"line":43,"column":33}},"20":{"start":{"line":43,"column":45},"end":{"line":43,"column":65}},"21":{"start":{"line":47,"column":19},"end":{"line":47,"column":31}},"22":{"start":{"line":47,"column":45},"end":{"line":47,"column":67}},"23":{"start":{"line":51,"column":19},"end":{"line":51,"column":25}},"24":{"start":{"line":55,"column":19},"end":{"line":55,"column":33}},"25":{"start":{"line":59,"column":3},"end":{"line":59,"column":null}},"26":{"start":{"line":62,"column":3},"end":{"line":62,"column":null}},"27":{"start":{"line":65,"column":3},"end":{"line":65,"column":null}},"28":{"start":{"line":68,"column":3},"end":{"line":68,"column":null}},"29":{"start":{"line":71,"column":3},"end":{"line":71,"column":null}},"30":{"start":{"line":74,"column":3},"end":{"line":74,"column":null}},"31":{"start":{"line":74,"column":46},"end":{"line":74,"column":66}},"32":{"start":{"line":77,"column":3},"end":{"line":77,"column":null}},"33":{"start":{"line":80,"column":3},"end":{"line":80,"column":null}},"34":{"start":{"line":83,"column":3},"end":{"line":83,"column":null}},"35":{"start":{"line":86,"column":3},"end":{"line":86,"column":null}},"36":{"start":{"line":89,"column":3},"end":{"line":89,"column":null}},"37":{"start":{"line":92,"column":3},"end":{"line":92,"column":null}},"38":{"start":{"line":95,"column":3},"end":{"line":95,"column":null}},"39":{"start":{"line":38,"column":1},"end":{"line":38,"column":null}}},"fnMap":{"0":{"name":"(anonymous_0)","decl":{"start":{"line":15,"column":7},"end":{"line":15,"column":12}},"loc":{"start":{"line":15,"column":7},"end":{"line":25,"column":null}},"line":15},"1":{"name":"(anonymous_1)","decl":{"start":{"line":27,"column":7},"end":{"line":27,"column":12}},"loc":{"start":{"line":27,"column":7},"end":{"line":30,"column":null}},"line":27},"2":{"name":"(anonymous_2)","decl":{"start":{"line":32,"column":7},"end":{"line":32,"column":12}},"loc":{"start":{"line":32,"column":7},"end":{"line":36,"column":null}},"line":32},"3":{"name":"(anonymous_3)","decl":{"start":{"line":43,"column":3},"end":{"line":43,"column":19}},"loc":{"start":{"line":43,"column":19},"end":{"line":43,"column":33}},"line":43},"4":{"name":"(anonymous_4)","decl":{"start":{"line":43,"column":19},"end":{"line":43,"column":33}},"loc":{"start":{"line":43,"column":45},"end":{"line":43,"column":65}},"line":43},"5":{"name":"(anonymous_5)","decl":{"start":{"line":47,"column":3},"end":{"line":47,"column":19}},"loc":{"start":{"line":47,"column":19},"end":{"line":47,"column":31}},"line":47},"6":{"name":"(anonymous_6)","decl":{"start":{"line":47,"column":19},"end":{"line":47,"column":31}},"loc":{"start":{"line":47,"column":45},"end":{"line":47,"column":67}},"line":47},"7":{"name":"(anonymous_7)","decl":{"start":{"line":51,"column":3},"end":{"line":51,"column":19}},"loc":{"start":{"line":51,"column":19},"end":{"line":51,"column":25}},"line":51},"8":{"name":"(anonymous_8)","decl":{"start":{"line":55,"column":3},"end":{"line":55,"column":19}},"loc":{"start":{"line":55,"column":19},"end":{"line":55,"column":33}},"line":55},"9":{"name":"(anonymous_9)","decl":{"start":{"line":74,"column":31},"end":{"line":74,"column":46}},"loc":{"start":{"line":74,"column":46},"end":{"line":74,"column":66}},"line":74}},"branchMap":{"0":{"loc":{"start":{"line":68,"column":46},"end":{"line":68,"column":null}},"type":"cond-expr","locations":[{"start":{"line":68,"column":46},"end":{"line":68,"column":null}},{"start":{"line":68,"column":46},"end":{"line":68,"column":null}}],"line":68},"1":{"loc":{"start":{"line":71,"column":79},"end":{"line":71,"column":null}},"type":"cond-expr","locations":[{"start":{"line":71,"column":79},"end":{"line":71,"column":null}},{"start":{"line":71,"column":79},"end":{"line":71,"column":null}}],"line":71},"2":{"loc":{"start":{"line":74,"column":67},"end":{"line":74,"column":null}},"type":"cond-expr","locations":[{"start":{"line":74,"column":67},"end":{"line":74,"column":null}},{"start":{"line":74,"column":67},"end":{"line":74,"column":null}}],"line":74},"3":{"loc":{"start":{"line":77,"column":85},"end":{"line":77,"column":null}},"type":"cond-expr","locations":[{"start":{"line":77,"column":85},"end":{"line":77,"column":null}},{"start":{"line":77,"column":85},"end":{"line":77,"column":null}}],"line":77},"4":{"loc":{"start":{"line":92,"column":20},"end":{"line":92,"column":null}},"type":"cond-expr","locations":[{"start":{"line":92,"column":20},"end":{"line":92,"column":null}},{"start":{"line":92,"column":20},"end":{"line":92,"column":null}}],"line":92},"5":{"loc":{"start":{"line":95,"column":20},"end":{"line":95,"column":null}},"type":"cond-expr","locations":[{"start":{"line":95,"column":20},"end":{"line":95,"column":null}},{"start":{"line":95,"column":20},"end":{"line":95,"column":null}}],"line":95}},"s":{"0":7,"1":7,"2":7,"3":7,"4":7,"5":7,"6":7,"7":7,"8":7,"9":7,"10":7,"11":7,"12":7,"13":7,"14":7,"15":7,"16":7,"17":7,"18":7,"19":0,"20":0,"21":0,"22":0,"23":0,"24":0,"25":7,"26":7,"27":7,"28":7,"29":7,"30":7,"31":0,"32":7,"33":7,"34":7,"35":7,"36":7,"37":7,"38":7,"39":7},"f":{"0":7,"1":7,"2":7,"3":0,"4":0,"5":0,"6":0,"7":0,"8":0,"9":0},"b":{"0":[0,7],"1":[0,7],"2":[0,7],"3":[0,7],"4":[0,7],"5":[0,7]},"meta":{"lastBranch":6,"lastFunction":10,"lastStatement":40,"seen":{"s:15:7:25:Infinity":0,"f:15:7:15:12":0,"s:16:2:16:Infinity":1,"s:17:2:17:Infinity":2,"s:18:2:18:Infinity":3,"s:19:2:19:Infinity":4,"s:20:2:20:Infinity":5,"s:21:2:21:Infinity":6,"s:22:2:22:Infinity":7,"s:23:2:23:Infinity":8,"s:24:2:24:Infinity":9,"s:27:7:30:Infinity":10,"f:27:7:27:12":1,"s:28:2:28:Infinity":11,"s:29:2:29:Infinity":12,"s:32:7:36:Infinity":13,"f:32:7:32:12":2,"s:33:2:33:Infinity":14,"s:34:2:34:Infinity":15,"s:35:2:35:Infinity":16,"s:39:7:97:Infinity":17,"s:40:3:40:Infinity":18,"f:43:3:43:19":3,"s:43:19:43:33":19,"f:43:19:43:33":4,"s:43:45:43:65":20,"f:47:3:47:19":5,"s:47:19:47:31":21,"f:47:19:47:31":6,"s:47:45:47:67":22,"f:51:3:51:19":7,"s:51:19:51:25":23,"f:55:3:55:19":8,"s:55:19:55:33":24,"s:59:3:59:Infinity":25,"s:62:3:62:Infinity":26,"s:65:3:65:Infinity":27,"s:68:3:68:Infinity":28,"b:68:46:68:Infinity:68:46:68:Infinity":0,"s:71:3:71:Infinity":29,"b:71:79:71:Infinity:71:79:71:Infinity":1,"s:74:3:74:Infinity":30,"f:74:31:74:46":9,"s:74:46:74:66":31,"b:74:67:74:Infinity:74:67:74:Infinity":2,"s:77:3:77:Infinity":32,"b:77:85:77:Infinity:77:85:77:Infinity":3,"s:80:3:80:Infinity":33,"s:83:3:83:Infinity":34,"s:86:3:86:Infinity":35,"s:89:3:89:Infinity":36,"s:92:3:92:Infinity":37,"b:92:20:92:Infinity:92:20:92:Infinity":4,"s:95:3:95:Infinity":38,"b:95:20:95:Infinity:95:20:95:Infinity":5,"s:38:1:38:Infinity":39},"fnNames":{}}}
,"/Users/thomas/Documents/CODE/budget-app/backend/src/entities/push-subscription.entity.ts": {"path":"/Users/thomas/Documents/CODE/budget-app/backend/src/entities/push-subscription.entity.ts","statementMap":{"0":{"start":{"line":14,"column":7},"end":{"line":33,"column":null}},"1":{"start":{"line":15,"column":3},"end":{"line":15,"column":null}},"2":{"start":{"line":18,"column":3},"end":{"line":18,"column":null}},"3":{"start":{"line":21,"column":3},"end":{"line":21,"column":null}},"4":{"start":{"line":24,"column":3},"end":{"line":24,"column":null}},"5":{"start":{"line":27,"column":19},"end":{"line":27,"column":26}},"6":{"start":{"line":27,"column":35},"end":{"line":27,"column":59}},"7":{"start":{"line":31,"column":3},"end":{"line":31,"column":null}},"8":{"start":{"line":12,"column":1},"end":{"line":13,"column":null}}},"fnMap":{"0":{"name":"(anonymous_0)","decl":{"start":{"line":27,"column":3},"end":{"line":27,"column":19}},"loc":{"start":{"line":27,"column":19},"end":{"line":27,"column":26}},"line":27},"1":{"name":"(anonymous_1)","decl":{"start":{"line":27,"column":19},"end":{"line":27,"column":26}},"loc":{"start":{"line":27,"column":35},"end":{"line":27,"column":59}},"line":27}},"branchMap":{"0":{"loc":{"start":{"line":31,"column":20},"end":{"line":31,"column":null}},"type":"cond-expr","locations":[{"start":{"line":31,"column":20},"end":{"line":31,"column":null}},{"start":{"line":31,"column":20},"end":{"line":31,"column":null}}],"line":31}},"s":{"0":7,"1":7,"2":7,"3":7,"4":7,"5":0,"6":0,"7":7,"8":7},"f":{"0":0,"1":0},"b":{"0":[0,7]},"meta":{"lastBranch":1,"lastFunction":2,"lastStatement":9,"seen":{"s:14:7:33:Infinity":0,"s:15:3:15:Infinity":1,"s:18:3:18:Infinity":2,"s:21:3:21:Infinity":3,"s:24:3:24:Infinity":4,"f:27:3:27:19":0,"s:27:19:27:26":5,"f:27:19:27:26":1,"s:27:35:27:59":6,"s:31:3:31:Infinity":7,"b:31:20:31:Infinity:31:20:31:Infinity":0,"s:12:1:13:Infinity":8},"fnNames":{}}}
,"/Users/thomas/Documents/CODE/budget-app/backend/src/entities/session.entity.ts": {"path":"/Users/thomas/Documents/CODE/budget-app/backend/src/entities/session.entity.ts","statementMap":{"0":{"start":{"line":12,"column":7},"end":{"line":34,"column":null}},"1":{"start":{"line":13,"column":3},"end":{"line":13,"column":null}},"2":{"start":{"line":16,"column":19},"end":{"line":16,"column":26}},"3":{"start":{"line":16,"column":35},"end":{"line":16,"column":50}},"4":{"start":{"line":20,"column":3},"end":{"line":20,"column":null}},"5":{"start":{"line":23,"column":3},"end":{"line":23,"column":null}},"6":{"start":{"line":26,"column":3},"end":{"line":26,"column":null}},"7":{"start":{"line":29,"column":3},"end":{"line":29,"column":null}},"8":{"start":{"line":32,"column":3},"end":{"line":32,"column":null}},"9":{"start":{"line":11,"column":1},"end":{"line":11,"column":null}}},"fnMap":{"0":{"name":"(anonymous_0)","decl":{"start":{"line":16,"column":3},"end":{"line":16,"column":19}},"loc":{"start":{"line":16,"column":19},"end":{"line":16,"column":26}},"line":16},"1":{"name":"(anonymous_1)","decl":{"start":{"line":16,"column":19},"end":{"line":16,"column":26}},"loc":{"start":{"line":16,"column":35},"end":{"line":16,"column":50}},"line":16}},"branchMap":{"0":{"loc":{"start":{"line":29,"column":31},"end":{"line":29,"column":null}},"type":"cond-expr","locations":[{"start":{"line":29,"column":31},"end":{"line":29,"column":null}},{"start":{"line":29,"column":31},"end":{"line":29,"column":null}}],"line":29},"1":{"loc":{"start":{"line":32,"column":20},"end":{"line":32,"column":null}},"type":"cond-expr","locations":[{"start":{"line":32,"column":20},"end":{"line":32,"column":null}},{"start":{"line":32,"column":20},"end":{"line":32,"column":null}}],"line":32}},"s":{"0":7,"1":7,"2":0,"3":0,"4":7,"5":7,"6":7,"7":7,"8":7,"9":7},"f":{"0":0,"1":0},"b":{"0":[0,7],"1":[0,7]},"meta":{"lastBranch":2,"lastFunction":2,"lastStatement":10,"seen":{"s:12:7:34:Infinity":0,"s:13:3:13:Infinity":1,"f:16:3:16:19":0,"s:16:19:16:26":2,"f:16:19:16:26":1,"s:16:35:16:50":3,"s:20:3:20:Infinity":4,"s:23:3:23:Infinity":5,"s:26:3:26:Infinity":6,"s:29:3:29:Infinity":7,"b:29:31:29:Infinity:29:31:29:Infinity":0,"s:32:3:32:Infinity":8,"b:32:20:32:Infinity:32:20:32:Infinity":1,"s:11:1:11:Infinity":9},"fnNames":{}}}
,"/Users/thomas/Documents/CODE/budget-app/backend/src/entities/subscription.entity.ts": {"path":"/Users/thomas/Documents/CODE/budget-app/backend/src/entities/subscription.entity.ts","statementMap":{"0":{"start":{"line":15,"column":7},"end":{"line":46,"column":null}},"1":{"start":{"line":16,"column":3},"end":{"line":16,"column":null}},"2":{"start":{"line":19,"column":19},"end":{"line":19,"column":31}},"3":{"start":{"line":19,"column":45},"end":{"line":19,"column":70}},"4":{"start":{"line":23,"column":3},"end":{"line":23,"column":null}},"5":{"start":{"line":26,"column":3},"end":{"line":26,"column":null}},"6":{"start":{"line":29,"column":3},"end":{"line":29,"column":null}},"7":{"start":{"line":32,"column":3},"end":{"line":32,"column":null}},"8":{"start":{"line":35,"column":3},"end":{"line":35,"column":null}},"9":{"start":{"line":38,"column":3},"end":{"line":38,"column":null}},"10":{"start":{"line":38,"column":19},"end":{"line":38,"column":31}},"11":{"start":{"line":38,"column":45},"end":{"line":38,"column":67}},"12":{"start":{"line":41,"column":3},"end":{"line":41,"column":null}},"13":{"start":{"line":44,"column":3},"end":{"line":44,"column":null}},"14":{"start":{"line":14,"column":1},"end":{"line":14,"column":null}}},"fnMap":{"0":{"name":"(anonymous_0)","decl":{"start":{"line":19,"column":3},"end":{"line":19,"column":19}},"loc":{"start":{"line":19,"column":19},"end":{"line":19,"column":31}},"line":19},"1":{"name":"(anonymous_1)","decl":{"start":{"line":19,"column":19},"end":{"line":19,"column":31}},"loc":{"start":{"line":19,"column":45},"end":{"line":19,"column":70}},"line":19},"2":{"name":"(anonymous_2)","decl":{"start":{"line":38,"column":3},"end":{"line":38,"column":19}},"loc":{"start":{"line":38,"column":19},"end":{"line":38,"column":31}},"line":38},"3":{"name":"(anonymous_3)","decl":{"start":{"line":38,"column":19},"end":{"line":38,"column":31}},"loc":{"start":{"line":38,"column":45},"end":{"line":38,"column":67}},"line":38}},"branchMap":{"0":{"loc":{"start":{"line":41,"column":20},"end":{"line":41,"column":null}},"type":"cond-expr","locations":[{"start":{"line":41,"column":20},"end":{"line":41,"column":null}},{"start":{"line":41,"column":20},"end":{"line":41,"column":null}}],"line":41},"1":{"loc":{"start":{"line":44,"column":20},"end":{"line":44,"column":null}},"type":"cond-expr","locations":[{"start":{"line":44,"column":20},"end":{"line":44,"column":null}},{"start":{"line":44,"column":20},"end":{"line":44,"column":null}}],"line":44}},"s":{"0":7,"1":7,"2":0,"3":0,"4":7,"5":7,"6":7,"7":7,"8":7,"9":7,"10":0,"11":0,"12":7,"13":7,"14":7},"f":{"0":0,"1":0,"2":0,"3":0},"b":{"0":[0,7],"1":[0,7]},"meta":{"lastBranch":2,"lastFunction":4,"lastStatement":15,"seen":{"s:15:7:46:Infinity":0,"s:16:3:16:Infinity":1,"f:19:3:19:19":0,"s:19:19:19:31":2,"f:19:19:19:31":1,"s:19:45:19:70":3,"s:23:3:23:Infinity":4,"s:26:3:26:Infinity":5,"s:29:3:29:Infinity":6,"s:32:3:32:Infinity":7,"s:35:3:35:Infinity":8,"s:38:3:38:Infinity":9,"f:38:3:38:19":2,"s:38:19:38:31":10,"f:38:19:38:31":3,"s:38:45:38:67":11,"s:41:3:41:Infinity":12,"b:41:20:41:Infinity:41:20:41:Infinity":0,"s:44:3:44:Infinity":13,"b:44:20:44:Infinity:44:20:44:Infinity":1,"s:14:1:14:Infinity":14},"fnNames":{}}}
,"/Users/thomas/Documents/CODE/budget-app/backend/src/entities/user.entity.ts": {"path":"/Users/thomas/Documents/CODE/budget-app/backend/src/entities/user.entity.ts","statementMap":{"0":{"start":{"line":16,"column":7},"end":{"line":52,"column":null}},"1":{"start":{"line":17,"column":3},"end":{"line":17,"column":null}},"2":{"start":{"line":20,"column":3},"end":{"line":20,"column":null}},"3":{"start":{"line":23,"column":3},"end":{"line":23,"column":null}},"4":{"start":{"line":26,"column":3},"end":{"line":26,"column":null}},"5":{"start":{"line":29,"column":3},"end":{"line":29,"column":null}},"6":{"start":{"line":32,"column":3},"end":{"line":32,"column":null}},"7":{"start":{"line":35,"column":3},"end":{"line":35,"column":null}},"8":{"start":{"line":38,"column":3},"end":{"line":38,"column":null}},"9":{"start":{"line":38,"column":19},"end":{"line":38,"column":29}},"10":{"start":{"line":38,"column":41},"end":{"line":38,"column":53}},"11":{"start":{"line":41,"column":3},"end":{"line":41,"column":null}},"12":{"start":{"line":41,"column":19},"end":{"line":41,"column":37}},"13":{"start":{"line":41,"column":48},"end":{"line":41,"column":59}},"14":{"start":{"line":44,"column":3},"end":{"line":44,"column":null}},"15":{"start":{"line":44,"column":19},"end":{"line":44,"column":30}},"16":{"start":{"line":44,"column":43},"end":{"line":44,"column":58}},"17":{"start":{"line":47,"column":3},"end":{"line":47,"column":null}},"18":{"start":{"line":47,"column":19},"end":{"line":47,"column":34}},"19":{"start":{"line":47,"column":51},"end":{"line":47,"column":73}},"20":{"start":{"line":50,"column":3},"end":{"line":50,"column":null}},"21":{"start":{"line":50,"column":19},"end":{"line":50,"column":38}},"22":{"start":{"line":50,"column":55},"end":{"line":50,"column":72}},"23":{"start":{"line":15,"column":1},"end":{"line":15,"column":null}}},"fnMap":{"0":{"name":"(anonymous_0)","decl":{"start":{"line":38,"column":3},"end":{"line":38,"column":19}},"loc":{"start":{"line":38,"column":19},"end":{"line":38,"column":29}},"line":38},"1":{"name":"(anonymous_1)","decl":{"start":{"line":38,"column":19},"end":{"line":38,"column":29}},"loc":{"start":{"line":38,"column":41},"end":{"line":38,"column":53}},"line":38},"2":{"name":"(anonymous_2)","decl":{"start":{"line":41,"column":3},"end":{"line":41,"column":19}},"loc":{"start":{"line":41,"column":19},"end":{"line":41,"column":37}},"line":41},"3":{"name":"(anonymous_3)","decl":{"start":{"line":41,"column":19},"end":{"line":41,"column":37}},"loc":{"start":{"line":41,"column":48},"end":{"line":41,"column":59}},"line":41},"4":{"name":"(anonymous_4)","decl":{"start":{"line":44,"column":3},"end":{"line":44,"column":19}},"loc":{"start":{"line":44,"column":19},"end":{"line":44,"column":30}},"line":44},"5":{"name":"(anonymous_5)","decl":{"start":{"line":44,"column":19},"end":{"line":44,"column":30}},"loc":{"start":{"line":44,"column":43},"end":{"line":44,"column":58}},"line":44},"6":{"name":"(anonymous_6)","decl":{"start":{"line":47,"column":3},"end":{"line":47,"column":19}},"loc":{"start":{"line":47,"column":19},"end":{"line":47,"column":34}},"line":47},"7":{"name":"(anonymous_7)","decl":{"start":{"line":47,"column":19},"end":{"line":47,"column":34}},"loc":{"start":{"line":47,"column":51},"end":{"line":47,"column":73}},"line":47},"8":{"name":"(anonymous_8)","decl":{"start":{"line":50,"column":3},"end":{"line":50,"column":19}},"loc":{"start":{"line":50,"column":19},"end":{"line":50,"column":38}},"line":50},"9":{"name":"(anonymous_9)","decl":{"start":{"line":50,"column":19},"end":{"line":50,"column":38}},"loc":{"start":{"line":50,"column":55},"end":{"line":50,"column":72}},"line":50}},"branchMap":{"0":{"loc":{"start":{"line":32,"column":20},"end":{"line":32,"column":null}},"type":"cond-expr","locations":[{"start":{"line":32,"column":20},"end":{"line":32,"column":null}},{"start":{"line":32,"column":20},"end":{"line":32,"column":null}}],"line":32},"1":{"loc":{"start":{"line":35,"column":20},"end":{"line":35,"column":null}},"type":"cond-expr","locations":[{"start":{"line":35,"column":20},"end":{"line":35,"column":null}},{"start":{"line":35,"column":20},"end":{"line":35,"column":null}}],"line":35}},"s":{"0":7,"1":7,"2":7,"3":7,"4":7,"5":7,"6":7,"7":7,"8":7,"9":0,"10":0,"11":7,"12":0,"13":0,"14":7,"15":0,"16":0,"17":7,"18":0,"19":0,"20":7,"21":0,"22":0,"23":7},"f":{"0":0,"1":0,"2":0,"3":0,"4":0,"5":0,"6":0,"7":0,"8":0,"9":0},"b":{"0":[0,7],"1":[0,7]},"meta":{"lastBranch":2,"lastFunction":10,"lastStatement":24,"seen":{"s:16:7:52:Infinity":0,"s:17:3:17:Infinity":1,"s:20:3:20:Infinity":2,"s:23:3:23:Infinity":3,"s:26:3:26:Infinity":4,"s:29:3:29:Infinity":5,"s:32:3:32:Infinity":6,"b:32:20:32:Infinity:32:20:32:Infinity":0,"s:35:3:35:Infinity":7,"b:35:20:35:Infinity:35:20:35:Infinity":1,"s:38:3:38:Infinity":8,"f:38:3:38:19":0,"s:38:19:38:29":9,"f:38:19:38:29":1,"s:38:41:38:53":10,"s:41:3:41:Infinity":11,"f:41:3:41:19":2,"s:41:19:41:37":12,"f:41:19:41:37":3,"s:41:48:41:59":13,"s:44:3:44:Infinity":14,"f:44:3:44:19":4,"s:44:19:44:30":15,"f:44:19:44:30":5,"s:44:43:44:58":16,"s:47:3:47:Infinity":17,"f:47:3:47:19":6,"s:47:19:47:34":18,"f:47:19:47:34":7,"s:47:51:47:73":19,"s:50:3:50:Infinity":20,"f:50:3:50:19":8,"s:50:19:50:38":21,"f:50:19:50:38":9,"s:50:55:50:72":22,"s:15:1:15:Infinity":23},"fnNames":{}}}
,"/Users/thomas/Documents/CODE/budget-app/backend/src/household/household.controller.ts": {"path":"/Users/thomas/Documents/CODE/budget-app/backend/src/household/household.controller.ts","statementMap":{"0":{"start":{"line":29,"column":7},"end":{"line":182,"column":null}},"1":{"start":{"line":31,"column":21},"end":{"line":31,"column":null}},"2":{"start":{"line":32,"column":21},"end":{"line":32,"column":null}},"3":{"start":{"line":37,"column":4},"end":{"line":37,"column":null}},"4":{"start":{"line":46,"column":4},"end":{"line":46,"column":null}},"5":{"start":{"line":51,"column":4},"end":{"line":51,"column":null}},"6":{"start":{"line":57,"column":4},"end":{"line":57,"column":null}},"7":{"start":{"line":67,"column":4},"end":{"line":72,"column":null}},"8":{"start":{"line":82,"column":4},"end":{"line":87,"column":null}},"9":{"start":{"line":92,"column":4},"end":{"line":92,"column":null}},"10":{"start":{"line":93,"column":4},"end":{"line":93,"column":null}},"11":{"start":{"line":103,"column":4},"end":{"line":103,"column":null}},"12":{"start":{"line":108,"column":4},"end":{"line":108,"column":null}},"13":{"start":{"line":118,"column":4},"end":{"line":118,"column":null}},"14":{"start":{"line":128,"column":4},"end":{"line":128,"column":null}},"15":{"start":{"line":138,"column":4},"end":{"line":138,"column":null}},"16":{"start":{"line":148,"column":4},"end":{"line":153,"column":null}},"17":{"start":{"line":162,"column":4},"end":{"line":168,"column":null}},"18":{"start":{"line":174,"column":4},"end":{"line":174,"column":null}},"19":{"start":{"line":180,"column":4},"end":{"line":180,"column":null}}},"fnMap":{"0":{"name":"constructor","decl":{"start":{"line":30,"column":2},"end":{"line":30,"column":null}},"loc":{"start":{"line":33,"column":4},"end":{"line":33,"column":null}},"line":33},"1":{"name":"getMyHouseholds","decl":{"start":{"line":36,"column":8},"end":{"line":36,"column":24}},"loc":{"start":{"line":36,"column":41},"end":{"line":38,"column":null}},"line":36},"2":{"name":"updateHouseholdSettings","decl":{"start":{"line":41,"column":8},"end":{"line":41,"column":null}},"loc":{"start":{"line":45,"column":4},"end":{"line":47,"column":null}},"line":45},"3":{"name":"searchUsers","decl":{"start":{"line":50,"column":8},"end":{"line":50,"column":20}},"loc":{"start":{"line":50,"column":64},"end":{"line":52,"column":null}},"line":50},"4":{"name":"createHousehold","decl":{"start":{"line":56,"column":8},"end":{"line":56,"column":24}},"loc":{"start":{"line":56,"column":74},"end":{"line":58,"column":null}},"line":56},"5":{"name":"getMonthlyOperations","decl":{"start":{"line":61,"column":8},"end":{"line":61,"column":null}},"loc":{"start":{"line":66,"column":4},"end":{"line":73,"column":null}},"line":66},"6":{"name":"updateContributionRate","decl":{"start":{"line":76,"column":8},"end":{"line":76,"column":null}},"loc":{"start":{"line":81,"column":4},"end":{"line":88,"column":null}},"line":81},"7":{"name":"testMonthlyReminder","decl":{"start":{"line":91,"column":8},"end":{"line":91,"column":28}},"loc":{"start":{"line":91,"column":88},"end":{"line":94,"column":null}},"line":91},"8":{"name":"createOperation","decl":{"start":{"line":98,"column":8},"end":{"line":98,"column":null}},"loc":{"start":{"line":102,"column":4},"end":{"line":104,"column":null}},"line":102},"9":{"name":"getHouseholdSubscriptions","decl":{"start":{"line":107,"column":8},"end":{"line":107,"column":34}},"loc":{"start":{"line":107,"column":94},"end":{"line":109,"column":null}},"line":107},"10":{"name":"createSubscription","decl":{"start":{"line":113,"column":8},"end":{"line":113,"column":null}},"loc":{"start":{"line":117,"column":4},"end":{"line":119,"column":null}},"line":117},"11":{"name":"deleteSubscription","decl":{"start":{"line":123,"column":8},"end":{"line":123,"column":null}},"loc":{"start":{"line":127,"column":4},"end":{"line":129,"column":null}},"line":127},"12":{"name":"updateSubscription","decl":{"start":{"line":132,"column":8},"end":{"line":132,"column":null}},"loc":{"start":{"line":137,"column":4},"end":{"line":139,"column":null}},"line":137},"13":{"name":"getHouseholdActivities","decl":{"start":{"line":142,"column":8},"end":{"line":142,"column":null}},"loc":{"start":{"line":147,"column":4},"end":{"line":154,"column":null}},"line":147},"14":{"name":"updateInitialBalance","decl":{"start":{"line":157,"column":8},"end":{"line":157,"column":null}},"loc":{"start":{"line":161,"column":4},"end":{"line":169,"column":null}},"line":161},"15":{"name":"setDefaultHousehold","decl":{"start":{"line":173,"column":8},"end":{"line":173,"column":28}},"loc":{"start":{"line":173,"column":70},"end":{"line":175,"column":null}},"line":173},"16":{"name":"deleteHousehold","decl":{"start":{"line":179,"column":8},"end":{"line":179,"column":24}},"loc":{"start":{"line":179,"column":66},"end":{"line":181,"column":null}},"line":179}},"branchMap":{},"s":{"0":1,"1":16,"2":16,"3":1,"4":1,"5":1,"6":1,"7":1,"8":1,"9":1,"10":1,"11":1,"12":1,"13":1,"14":1,"15":1,"16":1,"17":1,"18":1,"19":1},"f":{"0":16,"1":1,"2":1,"3":1,"4":1,"5":1,"6":1,"7":1,"8":1,"9":1,"10":1,"11":1,"12":1,"13":1,"14":1,"15":1,"16":1},"b":{},"meta":{"lastBranch":0,"lastFunction":17,"lastStatement":20,"seen":{"s:29:7:182:Infinity":0,"f:30:2:30:Infinity":0,"s:31:21:31:Infinity":1,"s:32:21:32:Infinity":2,"f:36:8:36:24":1,"s:37:4:37:Infinity":3,"f:41:8:41:Infinity":2,"s:46:4:46:Infinity":4,"f:50:8:50:20":3,"s:51:4:51:Infinity":5,"f:56:8:56:24":4,"s:57:4:57:Infinity":6,"f:61:8:61:Infinity":5,"s:67:4:72:Infinity":7,"f:76:8:76:Infinity":6,"s:82:4:87:Infinity":8,"f:91:8:91:28":7,"s:92:4:92:Infinity":9,"s:93:4:93:Infinity":10,"f:98:8:98:Infinity":8,"s:103:4:103:Infinity":11,"f:107:8:107:34":9,"s:108:4:108:Infinity":12,"f:113:8:113:Infinity":10,"s:118:4:118:Infinity":13,"f:123:8:123:Infinity":11,"s:128:4:128:Infinity":14,"f:132:8:132:Infinity":12,"s:138:4:138:Infinity":15,"f:142:8:142:Infinity":13,"s:148:4:153:Infinity":16,"f:157:8:157:Infinity":14,"s:162:4:168:Infinity":17,"f:173:8:173:28":15,"s:174:4:174:Infinity":18,"f:179:8:179:24":16,"s:180:4:180:Infinity":19},"fnNames":{}}}
,"/Users/thomas/Documents/CODE/budget-app/backend/src/household/household.service.ts": {"path":"/Users/thomas/Documents/CODE/budget-app/backend/src/household/household.service.ts","statementMap":{"0":{"start":{"line":26,"column":7},"end":{"line":1050,"column":null}},"1":{"start":{"line":27,"column":31},"end":{"line":27,"column":55}},"2":{"start":{"line":30,"column":23},"end":{"line":32,"column":null}},"3":{"start":{"line":33,"column":4},"end":{"line":35,"column":null}},"4":{"start":{"line":34,"column":6},"end":{"line":34,"column":null}},"5":{"start":{"line":36,"column":4},"end":{"line":36,"column":null}},"6":{"start":{"line":44,"column":4},"end":{"line":44,"column":null}},"7":{"start":{"line":45,"column":22},"end":{"line":47,"column":null}},"8":{"start":{"line":48,"column":4},"end":{"line":48,"column":null}},"9":{"start":{"line":48,"column":20},"end":{"line":48,"column":null}},"10":{"start":{"line":49,"column":4},"end":{"line":49,"column":null}},"11":{"start":{"line":50,"column":4},"end":{"line":50,"column":null}},"12":{"start":{"line":51,"column":4},"end":{"line":51,"column":null}},"13":{"start":{"line":55,"column":4},"end":{"line":55,"column":null}},"14":{"start":{"line":59,"column":20},"end":{"line":59,"column":null}},"15":{"start":{"line":60,"column":4},"end":{"line":60,"column":null}},"16":{"start":{"line":69,"column":22},"end":{"line":76,"column":null}},"17":{"start":{"line":78,"column":4},"end":{"line":78,"column":null}},"18":{"start":{"line":82,"column":24},"end":{"line":94,"column":null}},"19":{"start":{"line":96,"column":4},"end":{"line":115,"column":null}},"20":{"start":{"line":97,"column":16},"end":{"line":97,"column":null}},"21":{"start":{"line":98,"column":6},"end":{"line":114,"column":null}},"22":{"start":{"line":105,"column":44},"end":{"line":113,"column":10}},"23":{"start":{"line":124,"column":30},"end":{"line":124,"column":null}},"24":{"start":{"line":125,"column":23},"end":{"line":127,"column":null}},"25":{"start":{"line":128,"column":4},"end":{"line":130,"column":null}},"26":{"start":{"line":129,"column":6},"end":{"line":129,"column":null}},"27":{"start":{"line":131,"column":4},"end":{"line":133,"column":null}},"28":{"start":{"line":132,"column":6},"end":{"line":132,"column":null}},"29":{"start":{"line":135,"column":4},"end":{"line":135,"column":null}},"30":{"start":{"line":136,"column":4},"end":{"line":136,"column":null}},"31":{"start":{"line":137,"column":4},"end":{"line":137,"column":null}},"32":{"start":{"line":146,"column":23},"end":{"line":148,"column":null}},"33":{"start":{"line":150,"column":4},"end":{"line":152,"column":null}},"34":{"start":{"line":151,"column":6},"end":{"line":151,"column":null}},"35":{"start":{"line":154,"column":18},"end":{"line":163,"column":null}},"36":{"start":{"line":165,"column":10},"end":{"line":174,"column":null}},"37":{"start":{"line":166,"column":30},"end":{"line":168,"column":null}},"38":{"start":{"line":169,"column":19},"end":{"line":169,"column":null}},"39":{"start":{"line":170,"column":6},"end":{"line":172,"column":null}},"40":{"start":{"line":171,"column":8},"end":{"line":171,"column":null}},"41":{"start":{"line":173,"column":6},"end":{"line":173,"column":null}},"42":{"start":{"line":176,"column":4},"end":{"line":180,"column":null}},"43":{"start":{"line":177,"column":6},"end":{"line":179,"column":null}},"44":{"start":{"line":181,"column":4},"end":{"line":185,"column":null}},"45":{"start":{"line":182,"column":6},"end":{"line":184,"column":null}},"46":{"start":{"line":186,"column":4},"end":{"line":188,"column":null}},"47":{"start":{"line":187,"column":6},"end":{"line":187,"column":null}},"48":{"start":{"line":190,"column":23},"end":{"line":190,"column":null}},"49":{"start":{"line":192,"column":4},"end":{"line":202,"column":null}},"50":{"start":{"line":192,"column":41},"end":{"line":202,"column":6}},"51":{"start":{"line":206,"column":24},"end":{"line":206,"column":null}},"52":{"start":{"line":207,"column":4},"end":{"line":207,"column":null}},"53":{"start":{"line":208,"column":4},"end":{"line":208,"column":null}},"54":{"start":{"line":210,"column":4},"end":{"line":311,"column":null}},"55":{"start":{"line":211,"column":25},"end":{"line":213,"column":null}},"56":{"start":{"line":214,"column":6},"end":{"line":216,"column":null}},"57":{"start":{"line":215,"column":8},"end":{"line":215,"column":null}},"58":{"start":{"line":218,"column":19},"end":{"line":218,"column":null}},"59":{"start":{"line":219,"column":24},"end":{"line":221,"column":null}},"60":{"start":{"line":222,"column":6},"end":{"line":224,"column":null}},"61":{"start":{"line":223,"column":8},"end":{"line":223,"column":null}},"62":{"start":{"line":226,"column":26},"end":{"line":226,"column":null}},"63":{"start":{"line":227,"column":28},"end":{"line":231,"column":null}},"64":{"start":{"line":232,"column":6},"end":{"line":234,"column":null}},"65":{"start":{"line":233,"column":8},"end":{"line":233,"column":null}},"66":{"start":{"line":235,"column":19},"end":{"line":235,"column":null}},"67":{"start":{"line":236,"column":46},"end":{"line":236,"column":null}},"68":{"start":{"line":237,"column":6},"end":{"line":247,"column":null}},"69":{"start":{"line":238,"column":8},"end":{"line":245,"column":null}},"70":{"start":{"line":246,"column":8},"end":{"line":246,"column":null}},"71":{"start":{"line":248,"column":24},"end":{"line":259,"column":null}},"72":{"start":{"line":260,"column":29},"end":{"line":260,"column":null}},"73":{"start":{"line":262,"column":23},"end":{"line":277,"column":null}},"74":{"start":{"line":278,"column":6},"end":{"line":278,"column":null}},"75":{"start":{"line":280,"column":29},"end":{"line":280,"column":null}},"76":{"start":{"line":281,"column":28},"end":{"line":281,"column":null}},"77":{"start":{"line":282,"column":21},"end":{"line":287,"column":null}},"78":{"start":{"line":288,"column":6},"end":{"line":288,"column":null}},"79":{"start":{"line":290,"column":6},"end":{"line":305,"column":null}},"80":{"start":{"line":307,"column":6},"end":{"line":307,"column":null}},"81":{"start":{"line":308,"column":6},"end":{"line":308,"column":null}},"82":{"start":{"line":310,"column":6},"end":{"line":310,"column":null}},"83":{"start":{"line":315,"column":23},"end":{"line":317,"column":null}},"84":{"start":{"line":318,"column":4},"end":{"line":320,"column":null}},"85":{"start":{"line":319,"column":6},"end":{"line":319,"column":null}},"86":{"start":{"line":322,"column":26},"end":{"line":325,"column":null}},"87":{"start":{"line":327,"column":4},"end":{"line":340,"column":null}},"88":{"start":{"line":328,"column":58},"end":{"line":335,"column":8}},"89":{"start":{"line":337,"column":33},"end":{"line":337,"column":null}},"90":{"start":{"line":344,"column":24},"end":{"line":344,"column":null}},"91":{"start":{"line":345,"column":4},"end":{"line":345,"column":null}},"92":{"start":{"line":346,"column":4},"end":{"line":346,"column":null}},"93":{"start":{"line":348,"column":4},"end":{"line":418,"column":null}},"94":{"start":{"line":349,"column":25},"end":{"line":351,"column":null}},"95":{"start":{"line":352,"column":6},"end":{"line":354,"column":null}},"96":{"start":{"line":353,"column":8},"end":{"line":353,"column":null}},"97":{"start":{"line":355,"column":19},"end":{"line":355,"column":null}},"98":{"start":{"line":356,"column":24},"end":{"line":358,"column":null}},"99":{"start":{"line":359,"column":6},"end":{"line":361,"column":null}},"100":{"start":{"line":360,"column":8},"end":{"line":360,"column":null}},"101":{"start":{"line":363,"column":27},"end":{"line":370,"column":null}},"102":{"start":{"line":371,"column":32},"end":{"line":371,"column":null}},"103":{"start":{"line":372,"column":18},"end":{"line":372,"column":null}},"104":{"start":{"line":373,"column":24},"end":{"line":384,"column":null}},"105":{"start":{"line":385,"column":29},"end":{"line":385,"column":null}},"106":{"start":{"line":387,"column":23},"end":{"line":401,"column":null}},"107":{"start":{"line":402,"column":6},"end":{"line":402,"column":null}},"108":{"start":{"line":403,"column":6},"end":{"line":403,"column":null}},"109":{"start":{"line":405,"column":6},"end":{"line":412,"column":null}},"110":{"start":{"line":414,"column":6},"end":{"line":414,"column":null}},"111":{"start":{"line":415,"column":6},"end":{"line":415,"column":null}},"112":{"start":{"line":417,"column":6},"end":{"line":417,"column":null}},"113":{"start":{"line":427,"column":24},"end":{"line":427,"column":null}},"114":{"start":{"line":428,"column":4},"end":{"line":428,"column":null}},"115":{"start":{"line":429,"column":4},"end":{"line":429,"column":null}},"116":{"start":{"line":431,"column":4},"end":{"line":511,"column":null}},"117":{"start":{"line":432,"column":25},"end":{"line":434,"column":null}},"118":{"start":{"line":435,"column":6},"end":{"line":437,"column":null}},"119":{"start":{"line":436,"column":8},"end":{"line":436,"column":null}},"120":{"start":{"line":438,"column":19},"end":{"line":438,"column":null}},"121":{"start":{"line":439,"column":27},"end":{"line":441,"column":null}},"122":{"start":{"line":442,"column":6},"end":{"line":444,"column":null}},"123":{"start":{"line":443,"column":8},"end":{"line":443,"column":null}},"124":{"start":{"line":446,"column":28},"end":{"line":451,"column":null}},"125":{"start":{"line":452,"column":6},"end":{"line":452,"column":null}},"126":{"start":{"line":452,"column":35},"end":{"line":452,"column":null}},"127":{"start":{"line":453,"column":6},"end":{"line":453,"column":null}},"128":{"start":{"line":453,"column":41},"end":{"line":453,"column":null}},"129":{"start":{"line":454,"column":6},"end":{"line":454,"column":null}},"130":{"start":{"line":454,"column":36},"end":{"line":454,"column":null}},"131":{"start":{"line":455,"column":6},"end":{"line":455,"column":null}},"132":{"start":{"line":455,"column":38},"end":{"line":455,"column":null}},"133":{"start":{"line":456,"column":32},"end":{"line":456,"column":null}},"134":{"start":{"line":458,"column":18},"end":{"line":458,"column":null}},"135":{"start":{"line":459,"column":26},"end":{"line":459,"column":null}},"136":{"start":{"line":460,"column":27},"end":{"line":460,"column":null}},"137":{"start":{"line":461,"column":25},"end":{"line":461,"column":null}},"138":{"start":{"line":462,"column":29},"end":{"line":465,"column":null}},"139":{"start":{"line":466,"column":24},"end":{"line":472,"column":null}},"140":{"start":{"line":473,"column":6},"end":{"line":479,"column":null}},"141":{"start":{"line":474,"column":8},"end":{"line":474,"column":null}},"142":{"start":{"line":475,"column":8},"end":{"line":475,"column":null}},"143":{"start":{"line":476,"column":8},"end":{"line":476,"column":null}},"144":{"start":{"line":477,"column":8},"end":{"line":477,"column":null}},"145":{"start":{"line":478,"column":8},"end":{"line":478,"column":null}},"146":{"start":{"line":481,"column":23},"end":{"line":494,"column":null}},"147":{"start":{"line":495,"column":6},"end":{"line":495,"column":null}},"148":{"start":{"line":496,"column":6},"end":{"line":496,"column":null}},"149":{"start":{"line":498,"column":6},"end":{"line":505,"column":null}},"150":{"start":{"line":507,"column":6},"end":{"line":507,"column":null}},"151":{"start":{"line":508,"column":6},"end":{"line":508,"column":null}},"152":{"start":{"line":510,"column":6},"end":{"line":510,"column":null}},"153":{"start":{"line":515,"column":24},"end":{"line":515,"column":null}},"154":{"start":{"line":516,"column":4},"end":{"line":516,"column":null}},"155":{"start":{"line":517,"column":4},"end":{"line":517,"column":null}},"156":{"start":{"line":519,"column":4},"end":{"line":562,"column":null}},"157":{"start":{"line":520,"column":25},"end":{"line":522,"column":null}},"158":{"start":{"line":523,"column":6},"end":{"line":525,"column":null}},"159":{"start":{"line":524,"column":8},"end":{"line":524,"column":null}},"160":{"start":{"line":526,"column":19},"end":{"line":526,"column":null}},"161":{"start":{"line":527,"column":27},"end":{"line":529,"column":null}},"162":{"start":{"line":530,"column":6},"end":{"line":532,"column":null}},"163":{"start":{"line":531,"column":8},"end":{"line":531,"column":null}},"164":{"start":{"line":534,"column":24},"end":{"line":539,"column":null}},"165":{"start":{"line":541,"column":23},"end":{"line":552,"column":null}},"166":{"start":{"line":553,"column":6},"end":{"line":553,"column":null}},"167":{"start":{"line":554,"column":6},"end":{"line":554,"column":null}},"168":{"start":{"line":554,"column":21},"end":{"line":554,"column":null}},"169":{"start":{"line":555,"column":6},"end":{"line":555,"column":null}},"170":{"start":{"line":556,"column":6},"end":{"line":556,"column":null}},"171":{"start":{"line":558,"column":6},"end":{"line":558,"column":null}},"172":{"start":{"line":559,"column":6},"end":{"line":559,"column":null}},"173":{"start":{"line":561,"column":6},"end":{"line":561,"column":null}},"174":{"start":{"line":566,"column":24},"end":{"line":566,"column":null}},"175":{"start":{"line":567,"column":4},"end":{"line":567,"column":null}},"176":{"start":{"line":568,"column":4},"end":{"line":568,"column":null}},"177":{"start":{"line":570,"column":4},"end":{"line":691,"column":null}},"178":{"start":{"line":571,"column":26},"end":{"line":573,"column":null}},"179":{"start":{"line":575,"column":6},"end":{"line":577,"column":null}},"180":{"start":{"line":576,"column":8},"end":{"line":576,"column":null}},"181":{"start":{"line":580,"column":87},"end":{"line":580,"column":null}},"182":{"start":{"line":582,"column":6},"end":{"line":613,"column":null}},"183":{"start":{"line":584,"column":8},"end":{"line":584,"column":null}},"184":{"start":{"line":587,"column":32},"end":{"line":590,"column":null}},"185":{"start":{"line":588,"column":22},"end":{"line":588,"column":null}},"186":{"start":{"line":592,"column":8},"end":{"line":596,"column":null}},"187":{"start":{"line":593,"column":10},"end":{"line":595,"column":null}},"188":{"start":{"line":598,"column":8},"end":{"line":612,"column":null}},"189":{"start":{"line":599,"column":28},"end":{"line":601,"column":null}},"190":{"start":{"line":603,"column":10},"end":{"line":605,"column":null}},"191":{"start":{"line":604,"column":12},"end":{"line":604,"column":null}},"192":{"start":{"line":607,"column":10},"end":{"line":611,"column":null}},"193":{"start":{"line":616,"column":24},"end":{"line":618,"column":null}},"194":{"start":{"line":619,"column":29},"end":{"line":619,"column":null}},"195":{"start":{"line":621,"column":6},"end":{"line":626,"column":null}},"196":{"start":{"line":629,"column":6},"end":{"line":642,"column":null}},"197":{"start":{"line":630,"column":27},"end":{"line":640,"column":null}},"198":{"start":{"line":641,"column":8},"end":{"line":641,"column":null}},"199":{"start":{"line":644,"column":23},"end":{"line":653,"column":null}},"200":{"start":{"line":654,"column":6},"end":{"line":654,"column":null}},"201":{"start":{"line":656,"column":6},"end":{"line":656,"column":null}},"202":{"start":{"line":658,"column":33},"end":{"line":661,"column":null}},"203":{"start":{"line":662,"column":32},"end":{"line":664,"column":null}},"204":{"start":{"line":663,"column":24},"end":{"line":663,"column":null}},"205":{"start":{"line":666,"column":6},"end":{"line":685,"column":null}},"206":{"start":{"line":673,"column":38},"end":{"line":673,"column":66}},"207":{"start":{"line":674,"column":45},"end":{"line":684,"column":10}},"208":{"start":{"line":675,"column":54},"end":{"line":675,"column":86}},"209":{"start":{"line":682,"column":52},"end":{"line":682,"column":84}},"210":{"start":{"line":687,"column":6},"end":{"line":687,"column":null}},"211":{"start":{"line":688,"column":6},"end":{"line":688,"column":null}},"212":{"start":{"line":690,"column":6},"end":{"line":690,"column":null}},"213":{"start":{"line":695,"column":23},"end":{"line":695,"column":null}},"214":{"start":{"line":696,"column":4},"end":{"line":696,"column":null}},"215":{"start":{"line":696,"column":46},"end":{"line":696,"column":null}},"216":{"start":{"line":698,"column":4},"end":{"line":709,"column":null}},"217":{"start":{"line":713,"column":4},"end":{"line":715,"column":null}},"218":{"start":{"line":714,"column":6},"end":{"line":714,"column":null}},"219":{"start":{"line":717,"column":24},"end":{"line":717,"column":null}},"220":{"start":{"line":718,"column":4},"end":{"line":718,"column":null}},"221":{"start":{"line":719,"column":4},"end":{"line":719,"column":null}},"222":{"start":{"line":721,"column":4},"end":{"line":779,"column":null}},"223":{"start":{"line":722,"column":24},"end":{"line":724,"column":null}},"224":{"start":{"line":726,"column":6},"end":{"line":728,"column":null}},"225":{"start":{"line":727,"column":8},"end":{"line":727,"column":null}},"226":{"start":{"line":730,"column":25},"end":{"line":730,"column":null}},"227":{"start":{"line":731,"column":23},"end":{"line":736,"column":null}},"228":{"start":{"line":738,"column":6},"end":{"line":741,"column":null}},"229":{"start":{"line":739,"column":8},"end":{"line":739,"column":null}},"230":{"start":{"line":740,"column":8},"end":{"line":740,"column":null}},"231":{"start":{"line":743,"column":33},"end":{"line":743,"column":null}},"232":{"start":{"line":744,"column":30},"end":{"line":763,"column":null}},"233":{"start":{"line":765,"column":24},"end":{"line":770,"column":null}},"234":{"start":{"line":772,"column":6},"end":{"line":772,"column":null}},"235":{"start":{"line":773,"column":6},"end":{"line":773,"column":
[...]
4:516:Infinity":154,"s:517:4:517:Infinity":155,"s:519:4:562:Infinity":156,"s:520:25:522:Infinity":157,"b:523:6:525:Infinity:undefined:undefined:undefined:undefined":46,"s:523:6:525:Infinity":158,"s:524:8:524:Infinity":159,"s:526:19:526:Infinity":160,"s:527:27:529:Infinity":161,"b:530:6:532:Infinity:undefined:undefined:undefined:undefined":47,"s:530:6:532:Infinity":162,"b:530:10:530:19:530:19:530:34":48,"s:531:8:531:Infinity":163,"s:534:24:539:Infinity":164,"s:541:23:552:Infinity":165,"s:553:6:553:Infinity":166,"b:554:6:554:Infinity:undefined:undefined:undefined:undefined":49,"s:554:6:554:Infinity":167,"s:554:21:554:Infinity":168,"s:555:6:555:Infinity":169,"s:556:6:556:Infinity":170,"s:558:6:558:Infinity":171,"s:559:6:559:Infinity":172,"s:561:6:561:Infinity":173,"f:565:8:565:24":20,"s:566:24:566:Infinity":174,"s:567:4:567:Infinity":175,"s:568:4:568:Infinity":176,"s:570:4:691:Infinity":177,"s:571:26:573:Infinity":178,"b:575:6:577:Infinity:undefined:undefined:undefined:undefined":50,"s:575:6:577:Infinity":179,"s:576:8:576:Infinity":180,"s:580:87:580:Infinity":181,"b:582:6:613:Infinity:585:13:613:Infinity":51,"s:582:6:613:Infinity":182,"b:582:10:582:27:582:27:582:43:582:43:582:69":52,"s:584:8:584:Infinity":183,"s:587:32:590:Infinity":184,"f:587:44:587:Infinity":21,"s:588:22:588:Infinity":185,"b:592:8:596:Infinity:undefined:undefined:undefined:undefined":53,"s:592:8:596:Infinity":186,"s:593:10:595:Infinity":187,"s:598:8:612:Infinity":188,"s:599:28:601:Infinity":189,"b:603:10:605:Infinity:undefined:undefined:undefined:undefined":54,"s:603:10:605:Infinity":190,"s:604:12:604:Infinity":191,"s:607:10:611:Infinity":192,"b:609:52:609:74:609:74:609:Infinity":55,"s:616:24:618:Infinity":193,"s:619:29:619:Infinity":194,"s:621:6:626:Infinity":195,"s:629:6:642:Infinity":196,"s:630:27:640:Infinity":197,"b:635:59:635:65:635:65:635:Infinity":56,"s:641:8:641:Infinity":198,"s:644:23:653:Infinity":199,"s:654:6:654:Infinity":200,"s:656:6:656:Infinity":201,"s:658:33:661:Infinity":202,"s:662:32:664:Infinity":203,"f:662:51:662:Infinity":22,"s:663:24:663:Infinity":204,"s:666:6:685:Infinity":205,"b:671:10:671:42:671:42:671:Infinity":57,"b:673:10:673:83:673:83:673:Infinity":58,"f:673:26:673:32":23,"s:673:38:673:66":206,"f:674:33:674:38":24,"s:674:45:684:10":207,"b:675:14:675:95:675:95:675:Infinity":59,"f:675:33:675:39":25,"s:675:54:675:86":208,"b:682:12:683:36:683:36:683:Infinity":60,"f:682:31:682:37":26,"s:682:52:682:84":209,"s:687:6:687:Infinity":210,"s:688:6:688:Infinity":211,"s:690:6:690:Infinity":212,"f:694:8:694:20":27,"s:695:23:695:Infinity":213,"b:696:4:696:Infinity:undefined:undefined:undefined:undefined":61,"s:696:4:696:Infinity":214,"b:696:8:696:23:696:23:696:46":62,"s:696:46:696:Infinity":215,"s:698:4:709:Infinity":216,"f:712:8:712:36":28,"b:713:4:715:Infinity:undefined:undefined:undefined:undefined":63,"s:713:4:715:Infinity":217,"b:713:8:713:35:713:35:713:63:713:63:713:76:713:76:713:88":64,"s:714:6:714:Infinity":218,"s:717:24:717:Infinity":219,"s:718:4:718:Infinity":220,"s:719:4:719:Infinity":221,"s:721:4:779:Infinity":222,"s:722:24:724:Infinity":223,"b:726:6:728:Infinity:undefined:undefined:undefined:undefined":65,"s:726:6:728:Infinity":224,"s:727:8:727:Infinity":225,"s:730:25:730:Infinity":226,"s:731:23:736:Infinity":227,"b:738:6:741:Infinity:undefined:undefined:undefined:undefined":66,"s:738:6:741:Infinity":228,"s:739:8:739:Infinity":229,"s:740:8:740:Infinity":230,"s:743:33:743:Infinity":231,"b:743:66:743:77:743:77:743:83":67,"b:743:97:743:102:743:102:743:111":68,"s:744:30:763:Infinity":232,"s:765:24:770:Infinity":233,"b:768:15:768:43:768:43:768:44":69,"s:772:6:772:Infinity":234,"s:773:6:773:Infinity":235,"s:775:6:775:Infinity":236,"s:776:6:776:Infinity":237,"s:778:6:778:Infinity":238,"f:782:16:782:Infinity":29,"s:788:23:788:Infinity":239,"s:789:27:792:Infinity":240,"b:790:21:790:32:790:32:790:Infinity":70,"b:791:21:791:25:791:25:791:Infinity":71,"s:793:23:801:Infinity":241,"s:802:24:809:Infinity":242,"f:802:35:802:Infinity":30,"s:804:8:807:Infinity":243,"b:806:12:806:Infinity:807:12:807:Infinity":72,"b:805:9:805:52:805:52:805:Infinity":73,"s:810:28:812:Infinity":244,"f:811:7:811:15":31,"s:811:29:811:69":245,"f:812:7:812:15":32,"s:812:36:812:70":246,"s:814:4:819:Infinity":247,"f:822:8:822:Infinity":33,"b:829:4:831:Infinity:undefined:undefined:undefined:undefined":74,"s:829:4:831:Infinity":248,"b:829:8:829:35:829:35:829:63:829:63:829:76:829:76:829:88":75,"s:830:6:830:Infinity":249,"s:833:24:833:Infinity":250,"s:834:4:834:Infinity":251,"s:835:4:835:Infinity":252,"s:837:4:920:Infinity":253,"s:838:25:840:Infinity":254,"b:841:6:843:Infinity:undefined:undefined:undefined:undefined":76,"s:841:6:843:Infinity":255,"s:842:8:842:Infinity":256,"s:845:19:845:Infinity":257,"s:846:24:848:Infinity":258,"b:849:6:851:Infinity:undefined:undefined:undefined:undefined":77,"s:849:6:851:Infinity":259,"b:849:10:849:19:849:19:849:31":78,"s:850:8:850:Infinity":260,"s:853:25:853:Infinity":261,"s:854:22:860:Infinity":262,"s:861:24:861:Infinity":263,"b:861:36:861:63:861:63:861:Infinity":79,"s:862:23:862:Infinity":264,"b:862:23:862:43:862:43:862:Infinity":80,"s:863:22:863:Infinity":265,"b:863:22:863:41:863:41:863:Infinity":81,"b:865:6:877:Infinity:870:13:877:Infinity":82,"s:865:6:877:Infinity":266,"s:866:8:866:Infinity":267,"s:867:8:867:Infinity":268,"s:868:8:868:Infinity":269,"b:868:46:868:67:868:67:868:Infinity":83,"s:869:8:869:Infinity":270,"s:871:8:876:Infinity":271,"s:879:23:897:Infinity":272,"s:898:6:898:Infinity":273,"s:900:21:900:Infinity":274,"s:901:6:901:Infinity":275,"s:903:6:914:Infinity":276,"s:916:6:916:Infinity":277,"s:917:6:917:Infinity":278,"s:919:6:919:Infinity":279,"f:923:8:923:27":34,"s:924:23:926:Infinity":280,"b:928:4:930:Infinity:undefined:undefined:undefined:undefined":84,"s:928:4:930:Infinity":281,"s:929:6:929:Infinity":282,"s:932:4:932:Infinity":283,"s:934:19:934:Infinity":284,"s:936:4:958:Infinity":285,"b:942:22:944:19:944:19:944:Infinity":85,"f:942:40:942:Infinity":35,"s:943:23:943:Infinity":286,"f:945:36:945:41":36,"s:945:56:957:8":287,"b:955:12:955:Infinity:956:12:956:Infinity":86,"f:961:8:961:28":37,"s:962:24:962:Infinity":288,"s:963:4:963:Infinity":289,"s:964:4:964:Infinity":290,"s:966:4:995:Infinity":291,"s:967:25:972:Infinity":292,"b:974:6:976:Infinity:undefined:undefined:undefined:undefined":87,"s:974:6:976:Infinity":293,"s:975:8:975:Infinity":294,"s:978:6:983:Infinity":295,"s:985:6:987:Infinity":296,"s:989:6:989:Infinity":297,"s:991:6:991:Infinity":298,"s:992:6:992:Infinity":299,"s:994:6:994:Infinity":300,"f:998:8:998:24":38,"s:999:24:999:Infinity":301,"s:1000:4:1000:Infinity":302,"s:1001:4:1001:Infinity":303,"s:1003:4:1048:Infinity":304,"s:1004:24:1006:Infinity":305,"b:1008:6:1010:Infinity:undefined:undefined:undefined:undefined":88,"s:1008:6:1010:Infinity":306,"s:1009:8:1009:Infinity":307,"s:1012:26:1014:Infinity":308,"s:1016:30:1022:Infinity":309,"b:1024:6:1026:Infinity:undefined:undefined:undefined:undefined":89,"s:1024:6:1026:Infinity":310,"b:1024:10:1024:26:1024:26:1024:44":90,"s:1025:8:1025:Infinity":311,"s:1028:23:1034:Infinity":312,"s:1035:6:1035:Infinity":313,"s:1037:6:1039:Infinity":314,"s:1040:6:1040:Infinity":315,"s:1042:6:1042:Infinity":316,"s:1044:6:1044:Infinity":317,"s:1045:6:1045:Infinity":318,"s:1047:6:1047:Infinity":319,"s:25:1:25:Infinity":320,"b:25:12:25:Infinity:25:12:25:Infinity":91},"fnNames":{}}}
,"/Users/thomas/Documents/CODE/budget-app/backend/src/household/monthly-reminder.service.ts": {"path":"/Users/thomas/Documents/CODE/budget-app/backend/src/household/monthly-reminder.service.ts","statementMap":{"0":{"start":{"line":9,"column":7},"end":{"line":61,"column":null}},"1":{"start":{"line":12,"column":21},"end":{"line":12,"column":null}},"2":{"start":{"line":13,"column":21},"end":{"line":13,"column":null}},"3":{"start":{"line":18,"column":23},"end":{"line":20,"column":null}},"4":{"start":{"line":21,"column":18},"end":{"line":21,"column":null}},"5":{"start":{"line":23,"column":4},"end":{"line":27,"column":null}},"6":{"start":{"line":24,"column":6},"end":{"line":26,"column":null}},"7":{"start":{"line":25,"column":8},"end":{"line":25,"column":null}},"8":{"start":{"line":31,"column":22},"end":{"line":35,"column":null}},"9":{"start":{"line":31,"column":55},"end":{"line":31,"column":78}},"10":{"start":{"line":37,"column":4},"end":{"line":39,"column":null}},"11":{"start":{"line":38,"column":6},"end":{"line":38,"column":null}},"12":{"start":{"line":41,"column":31},"end":{"line":43,"column":null}},"13":{"start":{"line":42,"column":32},"end":{"line":42,"column":53}},"14":{"start":{"line":43,"column":39},"end":{"line":43,"column":76}},"15":{"start":{"line":45,"column":4},"end":{"line":53,"column":null}},"16":{"start":{"line":46,"column":19},"end":{"line":46,"column":null}},"17":{"start":{"line":47,"column":12},"end":{"line":47,"column":null}},"18":{"start":{"line":48,"column":6},"end":{"line":52,"column":null}},"19":{"start":{"line":55,"column":4},"end":{"line":59,"column":null}}},"fnMap":{"0":{"name":"constructor","decl":{"start":{"line":10,"column":2},"end":{"line":10,"column":null}},"loc":{"start":{"line":14,"column":4},"end":{"line":14,"column":null}},"line":14},"1":{"name":"sendMonthlyReminders","decl":{"start":{"line":17,"column":8},"end":{"line":17,"column":31}},"loc":{"start":{"line":17,"column":31},"end":{"line":28,"column":null}},"line":17},"2":{"name":"sendReminderForHousehold","decl":{"start":{"line":30,"column":8},"end":{"line":30,"column":33}},"loc":{"start":{"line":30,"column":86},"end":{"line":60,"column":null}},"line":30},"3":{"name":"(anonymous_3)","decl":{"start":{"line":31,"column":40},"end":{"line":31,"column":46}},"loc":{"start":{"line":31,"column":55},"end":{"line":31,"column":78}},"line":31},"4":{"name":"(anonymous_4)","decl":{"start":{"line":42,"column":7},"end":{"line":42,"column":15}},"loc":{"start":{"line":42,"column":32},"end":{"line":42,"column":53}},"line":42},"5":{"name":"(anonymous_5)","decl":{"start":{"line":43,"column":7},"end":{"line":43,"column":15}},"loc":{"start":{"line":43,"column":39},"end":{"line":43,"column":76}},"line":43}},"branchMap":{"0":{"loc":{"start":{"line":24,"column":6},"end":{"line":26,"column":null}},"type":"if","locations":[{"start":{"line":24,"column":6},"end":{"line":26,"column":null}},{"start":{},"end":{}}],"line":24},"1":{"loc":{"start":{"line":31,"column":22},"end":{"line":35,"column":null}},"type":"binary-expr","locations":[{"start":{"line":31,"column":22},"end":{"line":31,"column":null}},{"start":{"line":32,"column":9},"end":{"line":35,"column":null}}],"line":31},"2":{"loc":{"start":{"line":37,"column":4},"end":{"line":39,"column":null}},"type":"if","locations":[{"start":{"line":37,"column":4},"end":{"line":39,"column":null}},{"start":{},"end":{}}],"line":37},"3":{"loc":{"start":{"line":37,"column":8},"end":{"line":37,"column":52}},"type":"binary-expr","locations":[{"start":{"line":37,"column":8},"end":{"line":37,"column":22}},{"start":{"line":37,"column":22},"end":{"line":37,"column":52}}],"line":37},"4":{"loc":{"start":{"line":46,"column":26},"end":{"line":46,"column":55}},"type":"binary-expr","locations":[{"start":{"line":46,"column":26},"end":{"line":46,"column":53}},{"start":{"line":46,"column":53},"end":{"line":46,"column":55}}],"line":46}},"s":{"0":2,"1":5,"2":5,"3":1,"4":1,"5":1,"6":2,"7":1,"8":5,"9":2,"10":3,"11":2,"12":3,"13":3,"14":2,"15":3,"16":6,"17":6,"18":6,"19":3},"f":{"0":5,"1":1,"2":5,"3":2,"4":3,"5":2},"b":{"0":[1,1],"1":[5,3],"2":[2,1],"3":[3,4],"4":[6,0]},"meta":{"lastBranch":5,"lastFunction":6,"lastStatement":20,"seen":{"s:9:7:61:Infinity":0,"f:10:2:10:Infinity":0,"s:12:21:12:Infinity":1,"s:13:21:13:Infinity":2,"f:17:8:17:31":1,"s:18:23:20:Infinity":3,"s:21:18:21:Infinity":4,"s:23:4:27:Infinity":5,"b:24:6:26:Infinity:undefined:undefined:undefined:undefined":0,"s:24:6:26:Infinity":6,"s:25:8:25:Infinity":7,"f:30:8:30:33":2,"s:31:22:35:Infinity":8,"b:31:22:31:Infinity:32:9:35:Infinity":1,"f:31:40:31:46":3,"s:31:55:31:78":9,"b:37:4:39:Infinity:undefined:undefined:undefined:undefined":2,"s:37:4:39:Infinity":10,"b:37:8:37:22:37:22:37:52":3,"s:38:6:38:Infinity":11,"s:41:31:43:Infinity":12,"f:42:7:42:15":4,"s:42:32:42:53":13,"f:43:7:43:15":5,"s:43:39:43:76":14,"s:45:4:53:Infinity":15,"s:46:19:46:Infinity":16,"b:46:26:46:53:46:53:46:55":4,"s:47:12:47:Infinity":17,"s:48:6:52:Infinity":18,"s:55:4:59:Infinity":19},"fnNames":{}}}
,"/Users/thomas/Documents/CODE/budget-app/backend/src/notification/notification.controller.ts": {"path":"/Users/thomas/Documents/CODE/budget-app/backend/src/notification/notification.controller.ts","statementMap":{"0":{"start":{"line":8,"column":3},"end":{"line":8,"column":null}},"1":{"start":{"line":11,"column":3},"end":{"line":11,"column":null}},"2":{"start":{"line":16,"column":3},"end":{"line":16,"column":null}},"3":{"start":{"line":21,"column":14},"end":{"line":21,"column":37}},"4":{"start":{"line":26,"column":7},"end":{"line":55,"column":null}},"5":{"start":{"line":27,"column":31},"end":{"line":27,"column":73}},"6":{"start":{"line":31,"column":4},"end":{"line":31,"column":null}},"7":{"start":{"line":37,"column":4},"end":{"line":42,"column":null}},"8":{"start":{"line":48,"column":4},"end":{"line":52,"column":null}},"9":{"start":{"line":53,"column":4},"end":{"line":53,"column":null}},"10":{"start":{"line":25,"column":1},"end":{"line":25,"column":null}}},"fnMap":{"0":{"name":"(anonymous_0)","decl":{"start":{"line":21,"column":3},"end":{"line":21,"column":14}},"loc":{"start":{"line":21,"column":14},"end":{"line":21,"column":37}},"line":21},"1":{"name":"constructor","decl":{"start":{"line":27,"column":2},"end":{"line":27,"column":14}},"loc":{"start":{"line":27,"column":73},"end":{"line":27,"column":null}},"line":27},"2":{"name":"getVapidPublicKey","decl":{"start":{"line":29,"column":2},"end":{"line":29,"column":3}},"loc":{"start":{"line":30,"column":22},"end":{"line":32,"column":null}},"line":30},"3":{"name":"subscribe","decl":{"start":{"line":34,"column":2},"end":{"line":34,"column":3}},"loc":{"start":{"line":36,"column":56},"end":{"line":43,"column":null}},"line":36},"4":{"name":"sendTestNotification","decl":{"start":{"line":47,"column":8},"end":{"line":47,"column":29}},"loc":{"start":{"line":47,"column":46},"end":{"line":54,"column":null}},"line":47}},"branchMap":{"0":{"loc":{"start":{"line":25,"column":27},"end":{"line":25,"column":null}},"type":"cond-expr","locations":[{"start":{"line":25,"column":27},"end":{"line":25,"column":null}},{"start":{"line":25,"column":27},"end":{"line":25,"column":null}}],"line":25}},"s":{"0":1,"1":1,"2":1,"3":0,"4":1,"5":3,"6":1,"7":1,"8":1,"9":1,"10":1},"f":{"0":0,"1":3,"2":1,"3":1,"4":1},"b":{"0":[0,1]},"meta":{"lastBranch":1,"lastFunction":5,"lastStatement":11,"seen":{"s:8:3:8:Infinity":0,"s:11:3:11:Infinity":1,"s:16:3:16:Infinity":2,"f:21:3:21:14":0,"s:21:14:21:37":3,"s:26:7:55:Infinity":4,"f:27:2:27:14":1,"s:27:31:27:73":5,"f:29:2:29:3":2,"s:31:4:31:Infinity":6,"f:34:2:34:3":3,"s:37:4:42:Infinity":7,"f:47:8:47:29":4,"s:48:4:52:Infinity":8,"s:53:4:53:Infinity":9,"s:25:1:25:Infinity":10,"b:25:27:25:Infinity:25:27:25:Infinity":0},"fnNames":{}}}
,"/Users/thomas/Documents/CODE/budget-app/backend/src/notification/notification.service.ts": {"path":"/Users/thomas/Documents/CODE/budget-app/backend/src/notification/notification.service.ts","statementMap":{"0":{"start":{"line":16,"column":7},"end":{"line":81,"column":null}},"1":{"start":{"line":19,"column":21},"end":{"line":19,"column":null}},"2":{"start":{"line":21,"column":21},"end":{"line":21,"column":null}},"3":{"start":{"line":22,"column":21},"end":{"line":22,"column":null}},"4":{"start":{"line":24,"column":4},"end":{"line":28,"column":null}},"5":{"start":{"line":32,"column":4},"end":{"line":32,"column":null}},"6":{"start":{"line":41,"column":17},"end":{"line":41,"column":null}},"7":{"start":{"line":42,"column":4},"end":{"line":42,"column":null}},"8":{"start":{"line":42,"column":15},"end":{"line":42,"column":null}},"9":{"start":{"line":44,"column":23},"end":{"line":44,"column":null}},"10":{"start":{"line":45,"column":4},"end":{"line":51,"column":null}},"11":{"start":{"line":46,"column":6},"end":{"line":46,"column":null}},"12":{"start":{"line":47,"column":6},"end":{"line":47,"column":null}},"13":{"start":{"line":48,"column":6},"end":{"line":48,"column":null}},"14":{"start":{"line":50,"column":6},"end":{"line":50,"column":null}},"15":{"start":{"line":53,"column":4},"end":{"line":53,"column":null}},"16":{"start":{"line":54,"column":4},"end":{"line":54,"column":null}},"17":{"start":{"line":58,"column":26},"end":{"line":60,"column":null}},"18":{"start":{"line":62,"column":4},"end":{"line":79,"column":null}},"19":{"start":{"line":64,"column":8},"end":{"line":77,"column":null}},"20":{"start":{"line":65,"column":10},"end":{"line":71,"column":null}},"21":{"start":{"line":73,"column":30},"end":{"line":73,"column":null}},"22":{"start":{"line":74,"column":10},"end":{"line":76,"column":null}},"23":{"start":{"line":75,"column":12},"end":{"line":75,"column":null}}},"fnMap":{"0":{"name":"constructor","decl":{"start":{"line":17,"column":2},"end":{"line":17,"column":null}},"loc":{"start":{"line":23,"column":4},"end":{"line":29,"column":null}},"line":23},"1":{"name":"getPublicKey","decl":{"start":{"line":31,"column":2},"end":{"line":31,"column":17}},"loc":{"start":{"line":31,"column":17},"end":{"line":33,"column":null}},"line":31},"2":{"name":"saveSubscription","decl":{"start":{"line":35,"column":8},"end":{"line":35,"column":null}},"loc":{"start":{"line":40,"column":4},"end":{"line":55,"column":null}},"line":40},"3":{"name":"sendNotificationToUser","decl":{"start":{"line":57,"column":8},"end":{"line":57,"column":31}},"loc":{"start":{"line":57,"column":81},"end":{"line":80,"column":null}},"line":57},"4":{"name":"(anonymous_4)","decl":{"start":{"line":63,"column":24},"end":{"line":63,"column":31}},"loc":{"start":{"line":63,"column":48},"end":{"line":78,"column":7}},"line":63}},"branchMap":{"0":{"loc":{"start":{"line":42,"column":4},"end":{"line":42,"column":null}},"type":"if","locations":[{"start":{"line":42,"column":4},"end":{"line":42,"column":null}},{"start":{},"end":{}}],"line":42},"1":{"loc":{"start":{"line":45,"column":4},"end":{"line":51,"column":null}},"type":"if","locations":[{"start":{"line":45,"column":4},"end":{"line":51,"column":null}},{"start":{"line":49,"column":11},"end":{"line":51,"column":null}}],"line":45},"2":{"loc":{"start":{"line":74,"column":10},"end":{"line":76,"column":null}},"type":"if","locations":[{"start":{"line":74,"column":10},"end":{"line":76,"column":null}},{"start":{},"end":{}}],"line":74},"3":{"loc":{"start":{"line":74,"column":14},"end":{"line":74,"column":56}},"type":"binary-expr","locations":[{"start":{"line":74,"column":14},"end":{"line":74,"column":36}},{"start":{"line":74,"column":36},"end":{"line":74,"column":56}}],"line":74}},"s":{"0":4,"1":8,"2":8,"3":8,"4":8,"5":1,"6":3,"7":3,"8":1,"9":2,"10":2,"11":1,"12":1,"13":1,"14":1,"15":2,"16":2,"17":3,"18":3,"19":3,"20":3,"21":2,"22":2,"23":1},"f":{"0":8,"1":1,"2":3,"3":3,"4":3},"b":{"0":[1,2],"1":[1,1],"2":[1,1],"3":[2,2]},"meta":{"lastBranch":4,"lastFunction":5,"lastStatement":24,"seen":{"s:16:7:81:Infinity":0,"f:17:2:17:Infinity":0,"s:19:21:19:Infinity":1,"s:21:21:21:Infinity":2,"s:22:21:22:Infinity":3,"s:24:4:28:Infinity":4,"f:31:2:31:17":1,"s:32:4:32:Infinity":5,"f:35:8:35:Infinity":2,"s:41:17:41:Infinity":6,"b:42:4:42:Infinity:undefined:undefined:undefined:undefined":0,"s:42:4:42:Infinity":7,"s:42:15:42:Infinity":8,"s:44:23:44:Infinity":9,"b:45:4:51:Infinity:49:11:51:Infinity":1,"s:45:4:51:Infinity":10,"s:46:6:46:Infinity":11,"s:47:6:47:Infinity":12,"s:48:6:48:Infinity":13,"s:50:6:50:Infinity":14,"s:53:4:53:Infinity":15,"s:54:4:54:Infinity":16,"f:57:8:57:31":3,"s:58:26:60:Infinity":17,"s:62:4:79:Infinity":18,"f:63:24:63:31":4,"s:64:8:77:Infinity":19,"s:65:10:71:Infinity":20,"s:73:30:73:Infinity":21,"b:74:10:76:Infinity:undefined:undefined:undefined:undefined":2,"s:74:10:76:Infinity":22,"b:74:14:74:36:74:36:74:56":3,"s:75:12:75:Infinity":23},"fnNames":{}}}
}
